2024-10-10 21:14:20,076 - storage.StoreAVLTree - INFO - Creating a log file...
2024-10-10 21:14:20,076 - storage.StoreAVLTree - INFO - Log file storage.log was created.
2024-10-10 21:14:20,077 - storage.StoreAVLTree - INFO - Serializing the AVL tree...
2024-10-10 21:14:20,077 - storage.StoreAVLTree - INFO - Serialized AVL Tree: 42,15,7,23,34,86,91.
2024-10-10 21:14:20,077 - storage.StoreAVLTree - INFO - Creating DB file tree1.txt...
2024-10-10 21:14:20,077 - storage.StoreAVLTree - INFO - DB file created: ./DB/tree1.txt
2024-10-10 21:14:20,077 - storage.StoreAVLTree - INFO - AVL tree saved in ./DB/tree1.txt.
2024-10-10 21:14:20,077 - storage.StoreAVLTree - INFO - Opening DB file ./DB/tree1.txt...
2024-10-10 21:14:20,078 - storage.StoreAVLTree - INFO - AVL tree retrieved from ./DB/tree1.txt.
2024-10-10 21:14:20,079 - storage.StoreAVLTree - INFO - Deserializing the AVL tree...
2024-10-10 21:14:20,080 - storage.StoreAVLTree - INFO - Deserialized the AVL tree.
2024-10-10 21:27:02,257 - storage.StoreAVLTree - INFO - Creating a log file...
2024-10-10 21:27:02,257 - storage.StoreAVLTree - INFO - Log file storage.log was created.
2024-10-10 21:27:02,257 - storage.StoreAVLTree - INFO - Opening DB file ./DB/tree1.txt...
2024-10-10 21:27:02,257 - storage.StoreAVLTree - INFO - AVL tree retrieved from ./DB/tree1.txt.
2024-10-10 21:27:02,257 - storage.StoreAVLTree - INFO - Deserializing the AVL tree...
2024-10-10 21:27:02,258 - storage.StoreAVLTree - INFO - Deserialized the AVL tree.
2024-10-10 21:27:17,459 - storage.StoreAVLTree - INFO - Creating a log file...
2024-10-10 21:27:17,459 - storage.StoreAVLTree - INFO - Log file storage.log was created.
2024-10-10 21:27:17,459 - storage.StoreAVLTree - INFO - Opening DB file ./DB/tree1.txt...
2024-10-10 21:27:17,459 - storage.StoreAVLTree - INFO - AVL tree retrieved from ./DB/tree1.txt.
2024-10-10 21:27:17,459 - storage.StoreAVLTree - INFO - Deserializing the AVL tree...
2024-10-10 21:27:17,460 - storage.StoreAVLTree - INFO - Deserialized the AVL tree.
2024-10-10 21:27:22,087 - storage.StoreAVLTree - INFO - Creating a log file...
2024-10-10 21:27:22,087 - storage.StoreAVLTree - INFO - Log file storage.log was created.
2024-10-10 21:32:31,626 - storage.StoreAVLTree - INFO - Creating a log file...
2024-10-10 21:32:31,626 - storage.StoreAVLTree - INFO - Log file storage.log was created.
2024-10-10 21:32:31,626 - storage.StoreAVLTree - INFO - Serializing the AVL tree...
2024-10-10 21:32:31,626 - storage.StoreAVLTree - INFO - Serialized AVL Tree: 30.
2024-10-10 21:32:31,626 - storage.StoreAVLTree - INFO - Creating DB file ...
2024-10-10 21:32:31,626 - storage.StoreAVLTree - INFO - DB file created: ./DB/
2024-10-10 21:32:56,869 - storage.StoreAVLTree - INFO - Creating a log file...
2024-10-10 21:32:56,869 - storage.StoreAVLTree - INFO - Log file storage.log was created.
2024-10-10 21:32:56,869 - storage.StoreAVLTree - INFO - Serializing the AVL tree...
2024-10-10 21:32:56,869 - storage.StoreAVLTree - INFO - Serialized AVL Tree: 30.
2024-10-10 21:32:56,869 - storage.StoreAVLTree - INFO - Creating DB file ./DB/test.py...
2024-10-10 21:32:56,869 - storage.StoreAVLTree - INFO - DB file created: ./DB/./DB/test.py
2024-10-10 21:34:19,120 - storage.StoreAVLTree - INFO - Creating a log file...
2024-10-10 21:34:19,120 - storage.StoreAVLTree - INFO - Log file storage.log was created.
2024-10-10 21:34:19,120 - storage.StoreAVLTree - INFO - Serializing the AVL tree...
2024-10-10 21:34:19,120 - storage.StoreAVLTree - INFO - Serialized AVL Tree: 30.
2024-10-10 21:34:19,120 - storage.StoreAVLTree - INFO - Creating DB file ['', 'test.py']...
2024-10-10 21:34:35,515 - storage.StoreAVLTree - INFO - Creating a log file...
2024-10-10 21:34:35,515 - storage.StoreAVLTree - INFO - Log file storage.log was created.
2024-10-10 21:34:35,515 - storage.StoreAVLTree - INFO - Serializing the AVL tree...
2024-10-10 21:34:35,515 - storage.StoreAVLTree - INFO - Serialized AVL Tree: 30.
2024-10-10 21:34:35,515 - storage.StoreAVLTree - INFO - Creating DB file test.py...
2024-10-10 21:34:35,515 - storage.StoreAVLTree - INFO - DB file created: ./DB/test.py
2024-10-10 21:34:35,516 - storage.StoreAVLTree - INFO - AVL tree saved in ./DB/test.py.
2024-10-10 21:34:47,219 - storage.StoreAVLTree - INFO - Creating a log file...
2024-10-10 21:34:47,219 - storage.StoreAVLTree - INFO - Log file storage.log was created.
2024-10-10 21:34:47,220 - storage.StoreAVLTree - INFO - Serializing the AVL tree...
2024-10-10 21:34:47,220 - storage.StoreAVLTree - INFO - Serialized AVL Tree: 30.
2024-10-10 21:34:47,220 - storage.StoreAVLTree - INFO - Creating DB file test.txt...
2024-10-10 21:34:47,220 - storage.StoreAVLTree - INFO - DB file created: ./DB/test.txt
2024-10-10 21:34:47,220 - storage.StoreAVLTree - INFO - AVL tree saved in ./DB/test.txt.
2024-10-10 21:35:45,426 - storage.StoreAVLTree - INFO - Creating a log file...
2024-10-10 21:35:45,427 - storage.StoreAVLTree - INFO - Log file storage.log was created.
2024-10-10 21:35:45,427 - storage.StoreAVLTree - INFO - Serializing the AVL tree...
2024-10-10 21:35:45,427 - storage.StoreAVLTree - INFO - Serialized AVL Tree: 30.
2024-10-10 21:35:45,427 - storage.StoreAVLTree - INFO - Creating DB file test.txt...
2024-10-10 21:35:45,427 - storage.StoreAVLTree - INFO - DB file created: ./DB/test.txt
2024-10-10 21:35:45,427 - storage.StoreAVLTree - INFO - AVL tree saved in ./DB/test.txt.
2024-10-10 21:35:53,922 - storage.StoreAVLTree - INFO - Creating a log file...
2024-10-10 21:35:53,922 - storage.StoreAVLTree - INFO - Log file storage.log was created.
2024-10-10 21:35:53,922 - storage.StoreAVLTree - INFO - Opening DB file ./DB/test.txt...
2024-10-10 21:35:53,922 - storage.StoreAVLTree - INFO - AVL tree retrieved from ./DB/test.txt.
2024-10-10 21:35:53,922 - storage.StoreAVLTree - INFO - Deserializing the AVL tree...
2024-10-10 21:35:53,923 - storage.StoreAVLTree - INFO - Deserialized the AVL tree.
2024-10-10 21:35:58,692 - storage.StoreAVLTree - INFO - Creating a log file...
2024-10-10 21:35:58,692 - storage.StoreAVLTree - INFO - Log file storage.log was created.
2024-10-10 21:35:58,692 - storage.StoreAVLTree - INFO - Opening DB file ./DB/test.txt...
2024-10-10 21:35:58,692 - storage.StoreAVLTree - INFO - AVL tree retrieved from ./DB/test.txt.
2024-10-10 21:35:58,692 - storage.StoreAVLTree - INFO - Deserializing the AVL tree...
2024-10-10 21:35:58,692 - storage.StoreAVLTree - INFO - Deserialized the AVL tree.
2024-10-10 21:55:13,166 - storage.StoreAVLTree - INFO - Creating a log file...
2024-10-10 21:55:13,166 - storage.StoreAVLTree - INFO - Log file storage.log was created.
2024-10-10 21:55:13,166 - storage.StoreAVLTree - INFO - Serializing the AVL tree...
2024-10-10 21:55:13,166 - storage.StoreAVLTree - INFO - Serialized AVL Tree: 30.
2024-10-10 21:55:13,166 - storage.StoreAVLTree - INFO - Creating DB file test.txt...
2024-10-10 21:55:13,166 - storage.StoreAVLTree - INFO - DB file created: ./DB/test.txt
2024-10-10 21:55:13,166 - storage.StoreAVLTree - INFO - AVL tree saved in ./DB/test.txt.
2024-10-10 21:55:18,214 - storage.StoreAVLTree - INFO - Creating a log file...
2024-10-10 21:55:18,214 - storage.StoreAVLTree - INFO - Log file storage.log was created.
2024-10-10 21:55:18,214 - storage.StoreAVLTree - INFO - Opening DB file ./DB/test.txt...
2024-10-10 21:55:18,214 - storage.StoreAVLTree - INFO - AVL tree retrieved from ./DB/test.txt.
2024-10-10 21:55:18,214 - storage.StoreAVLTree - INFO - Deserializing the AVL tree...
2024-10-10 21:55:18,214 - storage.StoreAVLTree - INFO - Deserialized the AVL tree.
2024-10-10 21:55:18,214 - storage.StoreAVLTree - INFO - Creating a log file...
2024-10-10 21:55:18,214 - storage.StoreAVLTree - INFO - Creating a log file...
2024-10-10 21:55:18,215 - storage.StoreAVLTree - INFO - Log file storage.log was created.
2024-10-10 21:55:18,215 - storage.StoreAVLTree - INFO - Log file storage.log was created.
2024-10-10 21:55:18,215 - storage.StoreAVLTree - INFO - Serializing the AVL tree...
2024-10-10 21:55:18,215 - storage.StoreAVLTree - INFO - Serializing the AVL tree...
2024-10-10 21:55:18,215 - storage.StoreAVLTree - INFO - Serialized AVL Tree: 30,20.
2024-10-10 21:55:18,215 - storage.StoreAVLTree - INFO - Serialized AVL Tree: 30,20.
2024-10-10 21:55:18,215 - storage.StoreAVLTree - INFO - Creating DB file test.txt...
2024-10-10 21:55:18,215 - storage.StoreAVLTree - INFO - Creating DB file test.txt...
2024-10-10 21:55:18,215 - storage.StoreAVLTree - INFO - DB file created: ./DB/test.txt
2024-10-10 21:55:18,215 - storage.StoreAVLTree - INFO - DB file created: ./DB/test.txt
2024-10-10 21:55:18,215 - storage.StoreAVLTree - INFO - AVL tree saved in ./DB/test.txt.
2024-10-10 21:55:18,215 - storage.StoreAVLTree - INFO - AVL tree saved in ./DB/test.txt.
2024-10-10 21:55:18,215 - storage.StoreAVLTree - INFO - Creating a log file...
2024-10-10 21:55:18,215 - storage.StoreAVLTree - INFO - Creating a log file...
2024-10-10 21:55:18,215 - storage.StoreAVLTree - INFO - Creating a log file...
2024-10-10 21:55:18,215 - storage.StoreAVLTree - INFO - Log file storage.log was created.
2024-10-10 21:55:18,215 - storage.StoreAVLTree - INFO - Log file storage.log was created.
2024-10-10 21:55:18,215 - storage.StoreAVLTree - INFO - Log file storage.log was created.
2024-10-10 21:55:18,215 - storage.StoreAVLTree - INFO - Opening DB file ./DB/test.txt...
2024-10-10 21:55:18,215 - storage.StoreAVLTree - INFO - Opening DB file ./DB/test.txt...
2024-10-10 21:55:18,215 - storage.StoreAVLTree - INFO - Opening DB file ./DB/test.txt...
2024-10-10 21:55:18,221 - storage.StoreAVLTree - INFO - AVL tree retrieved from ./DB/test.txt.
2024-10-10 21:55:18,221 - storage.StoreAVLTree - INFO - AVL tree retrieved from ./DB/test.txt.
2024-10-10 21:55:18,221 - storage.StoreAVLTree - INFO - AVL tree retrieved from ./DB/test.txt.
2024-10-10 21:55:18,221 - storage.StoreAVLTree - INFO - Deserializing the AVL tree...
2024-10-10 21:55:18,221 - storage.StoreAVLTree - INFO - Deserializing the AVL tree...
2024-10-10 21:55:18,221 - storage.StoreAVLTree - INFO - Deserializing the AVL tree...
2024-10-10 21:55:18,222 - storage.StoreAVLTree - INFO - Deserialized the AVL tree.
2024-10-10 21:55:18,222 - storage.StoreAVLTree - INFO - Deserialized the AVL tree.
2024-10-10 21:55:18,222 - storage.StoreAVLTree - INFO - Deserialized the AVL tree.
2024-10-10 21:55:24,510 - storage.StoreAVLTree - INFO - Creating a log file...
2024-10-10 21:55:24,510 - storage.StoreAVLTree - INFO - Log file storage.log was created.
2024-10-10 21:55:24,510 - storage.StoreAVLTree - INFO - Opening DB file ./DB/test.txt...
2024-10-10 21:55:24,510 - storage.StoreAVLTree - INFO - AVL tree retrieved from ./DB/test.txt.
2024-10-10 21:55:24,510 - storage.StoreAVLTree - INFO - Deserializing the AVL tree...
2024-10-10 21:55:24,510 - storage.StoreAVLTree - INFO - Deserialized the AVL tree.
2024-10-10 21:55:24,511 - storage.StoreAVLTree - INFO - Creating a log file...
2024-10-10 21:55:24,511 - storage.StoreAVLTree - INFO - Creating a log file...
2024-10-10 21:55:24,511 - storage.StoreAVLTree - INFO - Log file storage.log was created.
2024-10-10 21:55:24,511 - storage.StoreAVLTree - INFO - Log file storage.log was created.
2024-10-10 21:55:24,511 - storage.StoreAVLTree - INFO - Serializing the AVL tree...
2024-10-10 21:55:24,511 - storage.StoreAVLTree - INFO - Serializing the AVL tree...
2024-10-10 21:55:24,511 - storage.StoreAVLTree - INFO - Serialized AVL Tree: 20,10,30.
2024-10-10 21:55:24,511 - storage.StoreAVLTree - INFO - Serialized AVL Tree: 20,10,30.
2024-10-10 21:55:24,511 - storage.StoreAVLTree - INFO - Creating DB file test.txt...
2024-10-10 21:55:24,511 - storage.StoreAVLTree - INFO - Creating DB file test.txt...
2024-10-10 21:55:24,511 - storage.StoreAVLTree - INFO - DB file created: ./DB/test.txt
2024-10-10 21:55:24,511 - storage.StoreAVLTree - INFO - DB file created: ./DB/test.txt
2024-10-10 21:55:24,511 - storage.StoreAVLTree - INFO - AVL tree saved in ./DB/test.txt.
2024-10-10 21:55:24,511 - storage.StoreAVLTree - INFO - AVL tree saved in ./DB/test.txt.
2024-10-10 21:55:24,511 - storage.StoreAVLTree - INFO - Creating a log file...
2024-10-10 21:55:24,511 - storage.StoreAVLTree - INFO - Creating a log file...
2024-10-10 21:55:24,511 - storage.StoreAVLTree - INFO - Creating a log file...
2024-10-10 21:55:24,511 - storage.StoreAVLTree - INFO - Log file storage.log was created.
2024-10-10 21:55:24,511 - storage.StoreAVLTree - INFO - Log file storage.log was created.
2024-10-10 21:55:24,511 - storage.StoreAVLTree - INFO - Log file storage.log was created.
2024-10-10 21:55:24,511 - storage.StoreAVLTree - INFO - Opening DB file ./DB/test.txt...
2024-10-10 21:55:24,511 - storage.StoreAVLTree - INFO - Opening DB file ./DB/test.txt...
2024-10-10 21:55:24,511 - storage.StoreAVLTree - INFO - Opening DB file ./DB/test.txt...
2024-10-10 21:55:24,512 - storage.StoreAVLTree - INFO - AVL tree retrieved from ./DB/test.txt.
2024-10-10 21:55:24,512 - storage.StoreAVLTree - INFO - AVL tree retrieved from ./DB/test.txt.
2024-10-10 21:55:24,512 - storage.StoreAVLTree - INFO - AVL tree retrieved from ./DB/test.txt.
2024-10-10 21:55:24,512 - storage.StoreAVLTree - INFO - Deserializing the AVL tree...
2024-10-10 21:55:24,512 - storage.StoreAVLTree - INFO - Deserializing the AVL tree...
2024-10-10 21:55:24,512 - storage.StoreAVLTree - INFO - Deserializing the AVL tree...
2024-10-10 21:55:24,513 - storage.StoreAVLTree - INFO - Deserialized the AVL tree.
2024-10-10 21:55:24,513 - storage.StoreAVLTree - INFO - Deserialized the AVL tree.
2024-10-10 21:55:24,513 - storage.StoreAVLTree - INFO - Deserialized the AVL tree.
2024-10-10 21:55:43,904 - storage.StoreAVLTree - INFO - Creating a log file...
2024-10-10 21:55:43,905 - storage.StoreAVLTree - INFO - Log file storage.log was created.
2024-10-10 21:55:43,905 - storage.StoreAVLTree - INFO - Opening DB file ./DB/test.txt...
2024-10-10 21:55:43,905 - storage.StoreAVLTree - INFO - AVL tree retrieved from ./DB/test.txt.
2024-10-10 21:55:43,905 - storage.StoreAVLTree - INFO - Deserializing the AVL tree...
2024-10-10 21:55:43,905 - storage.StoreAVLTree - INFO - Deserialized the AVL tree.
2024-10-10 21:55:43,905 - storage.StoreAVLTree - INFO - Creating a log file...
2024-10-10 21:55:43,905 - storage.StoreAVLTree - INFO - Creating a log file...
2024-10-10 21:55:43,905 - storage.StoreAVLTree - INFO - Log file storage.log was created.
2024-10-10 21:55:43,905 - storage.StoreAVLTree - INFO - Log file storage.log was created.
2024-10-10 21:55:43,905 - storage.StoreAVLTree - INFO - Serializing the AVL tree...
2024-10-10 21:55:43,905 - storage.StoreAVLTree - INFO - Serializing the AVL tree...
2024-10-10 21:55:43,905 - storage.StoreAVLTree - INFO - Serialized AVL Tree: 20,10,8,30.
2024-10-10 21:55:43,905 - storage.StoreAVLTree - INFO - Serialized AVL Tree: 20,10,8,30.
2024-10-10 21:55:43,905 - storage.StoreAVLTree - INFO - Creating DB file test.txt...
2024-10-10 21:55:43,905 - storage.StoreAVLTree - INFO - Creating DB file test.txt...
2024-10-10 21:55:43,906 - storage.StoreAVLTree - INFO - DB file created: ./DB/test.txt
2024-10-10 21:55:43,906 - storage.StoreAVLTree - INFO - DB file created: ./DB/test.txt
2024-10-10 21:55:43,906 - storage.StoreAVLTree - INFO - AVL tree saved in ./DB/test.txt.
2024-10-10 21:55:43,906 - storage.StoreAVLTree - INFO - AVL tree saved in ./DB/test.txt.
2024-10-10 21:55:43,906 - storage.StoreAVLTree - INFO - Creating a log file...
2024-10-10 21:55:43,906 - storage.StoreAVLTree - INFO - Creating a log file...
2024-10-10 21:55:43,906 - storage.StoreAVLTree - INFO - Creating a log file...
2024-10-10 21:55:43,906 - storage.StoreAVLTree - INFO - Log file storage.log was created.
2024-10-10 21:55:43,906 - storage.StoreAVLTree - INFO - Log file storage.log was created.
2024-10-10 21:55:43,906 - storage.StoreAVLTree - INFO - Log file storage.log was created.
2024-10-10 21:55:43,906 - storage.StoreAVLTree - INFO - Opening DB file ./DB/test.txt...
2024-10-10 21:55:43,906 - storage.StoreAVLTree - INFO - Opening DB file ./DB/test.txt...
2024-10-10 21:55:43,906 - storage.StoreAVLTree - INFO - Opening DB file ./DB/test.txt...
2024-10-10 21:55:43,912 - storage.StoreAVLTree - INFO - AVL tree retrieved from ./DB/test.txt.
2024-10-10 21:55:43,912 - storage.StoreAVLTree - INFO - AVL tree retrieved from ./DB/test.txt.
2024-10-10 21:55:43,912 - storage.StoreAVLTree - INFO - AVL tree retrieved from ./DB/test.txt.
2024-10-10 21:55:43,912 - storage.StoreAVLTree - INFO - Deserializing the AVL tree...
2024-10-10 21:55:43,912 - storage.StoreAVLTree - INFO - Deserializing the AVL tree...
2024-10-10 21:55:43,912 - storage.StoreAVLTree - INFO - Deserializing the AVL tree...
2024-10-10 21:55:43,913 - storage.StoreAVLTree - INFO - Deserialized the AVL tree.
2024-10-10 21:55:43,913 - storage.StoreAVLTree - INFO - Deserialized the AVL tree.
2024-10-10 21:55:43,913 - storage.StoreAVLTree - INFO - Deserialized the AVL tree.
2024-10-10 21:55:54,923 - storage.StoreAVLTree - INFO - Creating a log file...
2024-10-10 21:55:54,923 - storage.StoreAVLTree - INFO - Log file storage.log was created.
2024-10-10 21:55:54,923 - storage.StoreAVLTree - INFO - Opening DB file ./DB/test.txt...
2024-10-10 21:55:54,923 - storage.StoreAVLTree - INFO - AVL tree retrieved from ./DB/test.txt.
2024-10-10 21:55:54,923 - storage.StoreAVLTree - INFO - Deserializing the AVL tree...
2024-10-10 21:55:54,923 - storage.StoreAVLTree - INFO - Deserialized the AVL tree.
2024-10-10 21:55:54,924 - storage.StoreAVLTree - INFO - Creating a log file...
2024-10-10 21:55:54,924 - storage.StoreAVLTree - INFO - Creating a log file...
2024-10-10 21:55:54,924 - storage.StoreAVLTree - INFO - Log file storage.log was created.
2024-10-10 21:55:54,924 - storage.StoreAVLTree - INFO - Log file storage.log was created.
2024-10-10 21:55:54,924 - storage.StoreAVLTree - INFO - Serializing the AVL tree...
2024-10-10 21:55:54,924 - storage.StoreAVLTree - INFO - Serializing the AVL tree...
2024-10-10 21:55:54,924 - storage.StoreAVLTree - INFO - Serialized AVL Tree: 10,8,6,20,30.
2024-10-10 21:55:54,924 - storage.StoreAVLTree - INFO - Serialized AVL Tree: 10,8,6,20,30.
2024-10-10 21:55:54,924 - storage.StoreAVLTree - INFO - Creating DB file test.txt...
2024-10-10 21:55:54,924 - storage.StoreAVLTree - INFO - Creating DB file test.txt...
2024-10-10 21:55:54,924 - storage.StoreAVLTree - INFO - DB file created: ./DB/test.txt
2024-10-10 21:55:54,924 - storage.StoreAVLTree - INFO - DB file created: ./DB/test.txt
2024-10-10 21:55:54,924 - storage.StoreAVLTree - INFO - AVL tree saved in ./DB/test.txt.
2024-10-10 21:55:54,924 - storage.StoreAVLTree - INFO - AVL tree saved in ./DB/test.txt.
2024-10-10 21:55:54,924 - storage.StoreAVLTree - INFO - Creating a log file...
2024-10-10 21:55:54,924 - storage.StoreAVLTree - INFO - Creating a log file...
2024-10-10 21:55:54,924 - storage.StoreAVLTree - INFO - Creating a log file...
2024-10-10 21:55:54,924 - storage.StoreAVLTree - INFO - Log file storage.log was created.
2024-10-10 21:55:54,924 - storage.StoreAVLTree - INFO - Log file storage.log was created.
2024-10-10 21:55:54,924 - storage.StoreAVLTree - INFO - Log file storage.log was created.
2024-10-10 21:55:54,924 - storage.StoreAVLTree - INFO - Opening DB file ./DB/test.txt...
2024-10-10 21:55:54,924 - storage.StoreAVLTree - INFO - Opening DB file ./DB/test.txt...
2024-10-10 21:55:54,924 - storage.StoreAVLTree - INFO - Opening DB file ./DB/test.txt...
2024-10-10 21:55:54,927 - storage.StoreAVLTree - INFO - AVL tree retrieved from ./DB/test.txt.
2024-10-10 21:55:54,927 - storage.StoreAVLTree - INFO - AVL tree retrieved from ./DB/test.txt.
2024-10-10 21:55:54,927 - storage.StoreAVLTree - INFO - AVL tree retrieved from ./DB/test.txt.
2024-10-10 21:55:54,927 - storage.StoreAVLTree - INFO - Deserializing the AVL tree...
2024-10-10 21:55:54,927 - storage.StoreAVLTree - INFO - Deserializing the AVL tree...
2024-10-10 21:55:54,927 - storage.StoreAVLTree - INFO - Deserializing the AVL tree...
2024-10-10 21:55:54,928 - storage.StoreAVLTree - INFO - Deserialized the AVL tree.
2024-10-10 21:55:54,928 - storage.StoreAVLTree - INFO - Deserialized the AVL tree.
2024-10-10 21:55:54,928 - storage.StoreAVLTree - INFO - Deserialized the AVL tree.
2024-10-10 21:56:01,199 - storage.StoreAVLTree - INFO - Creating a log file...
2024-10-10 21:56:01,199 - storage.StoreAVLTree - INFO - Log file storage.log was created.
2024-10-10 21:56:01,199 - storage.StoreAVLTree - INFO - Opening DB file ./DB/test.txt...
2024-10-10 21:56:01,199 - storage.StoreAVLTree - INFO - AVL tree retrieved from ./DB/test.txt.
2024-10-10 21:56:01,199 - storage.StoreAVLTree - INFO - Deserializing the AVL tree...
2024-10-10 21:56:01,199 - storage.StoreAVLTree - INFO - Deserialized the AVL tree.
2024-10-10 21:56:01,199 - storage.StoreAVLTree - INFO - Creating a log file...
2024-10-10 21:56:01,199 - storage.StoreAVLTree - INFO - Creating a log file...
2024-10-10 21:56:01,199 - storage.StoreAVLTree - INFO - Log file storage.log was created.
2024-10-10 21:56:01,199 - storage.StoreAVLTree - INFO - Log file storage.log was created.
2024-10-10 21:56:01,199 - storage.StoreAVLTree - INFO - Serializing the AVL tree...
2024-10-10 21:56:01,199 - storage.StoreAVLTree - INFO - Serializing the AVL tree...
2024-10-10 21:56:01,199 - storage.StoreAVLTree - INFO - Serialized AVL Tree: 8,6,5,20,10,30.
2024-10-10 21:56:01,199 - storage.StoreAVLTree - INFO - Serialized AVL Tree: 8,6,5,20,10,30.
2024-10-10 21:56:01,199 - storage.StoreAVLTree - INFO - Creating DB file test.txt...
2024-10-10 21:56:01,199 - storage.StoreAVLTree - INFO - Creating DB file test.txt...
2024-10-10 21:56:01,199 - storage.StoreAVLTree - INFO - DB file created: ./DB/test.txt
2024-10-10 21:56:01,199 - storage.StoreAVLTree - INFO - DB file created: ./DB/test.txt
2024-10-10 21:56:01,199 - storage.StoreAVLTree - INFO - AVL tree saved in ./DB/test.txt.
2024-10-10 21:56:01,199 - storage.StoreAVLTree - INFO - AVL tree saved in ./DB/test.txt.
2024-10-10 21:56:01,199 - storage.StoreAVLTree - INFO - Creating a log file...
2024-10-10 21:56:01,199 - storage.StoreAVLTree - INFO - Creating a log file...
2024-10-10 21:56:01,199 - storage.StoreAVLTree - INFO - Creating a log file...
2024-10-10 21:56:01,199 - storage.StoreAVLTree - INFO - Log file storage.log was created.
2024-10-10 21:56:01,199 - storage.StoreAVLTree - INFO - Log file storage.log was created.
2024-10-10 21:56:01,199 - storage.StoreAVLTree - INFO - Log file storage.log was created.
2024-10-10 21:56:01,199 - storage.StoreAVLTree - INFO - Opening DB file ./DB/test.txt...
2024-10-10 21:56:01,199 - storage.StoreAVLTree - INFO - Opening DB file ./DB/test.txt...
2024-10-10 21:56:01,199 - storage.StoreAVLTree - INFO - Opening DB file ./DB/test.txt...
2024-10-10 21:56:01,206 - storage.StoreAVLTree - INFO - AVL tree retrieved from ./DB/test.txt.
2024-10-10 21:56:01,206 - storage.StoreAVLTree - INFO - AVL tree retrieved from ./DB/test.txt.
2024-10-10 21:56:01,206 - storage.StoreAVLTree - INFO - AVL tree retrieved from ./DB/test.txt.
2024-10-10 21:56:01,206 - storage.StoreAVLTree - INFO - Deserializing the AVL tree...
2024-10-10 21:56:01,206 - storage.StoreAVLTree - INFO - Deserializing the AVL tree...
2024-10-10 21:56:01,206 - storage.StoreAVLTree - INFO - Deserializing the AVL tree...
2024-10-10 21:56:01,207 - storage.StoreAVLTree - INFO - Deserialized the AVL tree.
2024-10-10 21:56:01,207 - storage.StoreAVLTree - INFO - Deserialized the AVL tree.
2024-10-10 21:56:01,207 - storage.StoreAVLTree - INFO - Deserialized the AVL tree.
2024-10-10 21:56:05,943 - storage.StoreAVLTree - INFO - Creating a log file...
2024-10-10 21:56:05,943 - storage.StoreAVLTree - INFO - Log file storage.log was created.
2024-10-10 21:56:05,943 - storage.StoreAVLTree - INFO - Opening DB file ./DB/test.txt...
2024-10-10 21:56:05,943 - storage.StoreAVLTree - INFO - AVL tree retrieved from ./DB/test.txt.
2024-10-10 21:56:05,943 - storage.StoreAVLTree - INFO - Deserializing the AVL tree...
2024-10-10 21:56:05,944 - storage.StoreAVLTree - INFO - Deserialized the AVL tree.
2024-10-10 21:56:05,945 - storage.StoreAVLTree - INFO - Creating a log file...
2024-10-10 21:56:05,945 - storage.StoreAVLTree - INFO - Creating a log file...
2024-10-10 21:56:05,945 - storage.StoreAVLTree - INFO - Log file storage.log was created.
2024-10-10 21:56:05,945 - storage.StoreAVLTree - INFO - Log file storage.log was created.
2024-10-10 21:56:05,945 - storage.StoreAVLTree - INFO - Serializing the AVL tree...
2024-10-10 21:56:05,945 - storage.StoreAVLTree - INFO - Serializing the AVL tree...
2024-10-10 21:56:05,945 - storage.StoreAVLTree - INFO - Serialized AVL Tree: 10,6,5,4,8,20,30.
2024-10-10 21:56:05,945 - storage.StoreAVLTree - INFO - Serialized AVL Tree: 10,6,5,4,8,20,30.
2024-10-10 21:56:05,945 - storage.StoreAVLTree - INFO - Creating DB file test.txt...
2024-10-10 21:56:05,945 - storage.StoreAVLTree - INFO - Creating DB file test.txt...
2024-10-10 21:56:05,945 - storage.StoreAVLTree - INFO - DB file created: ./DB/test.txt
2024-10-10 21:56:05,945 - storage.StoreAVLTree - INFO - DB file created: ./DB/test.txt
2024-10-10 21:56:05,945 - storage.StoreAVLTree - INFO - AVL tree saved in ./DB/test.txt.
2024-10-10 21:56:05,945 - storage.StoreAVLTree - INFO - AVL tree saved in ./DB/test.txt.
2024-10-10 21:56:05,945 - storage.StoreAVLTree - INFO - Creating a log file...
2024-10-10 21:56:05,945 - storage.StoreAVLTree - INFO - Creating a log file...
2024-10-10 21:56:05,945 - storage.StoreAVLTree - INFO - Creating a log file...
2024-10-10 21:56:05,945 - storage.StoreAVLTree - INFO - Log file storage.log was created.
2024-10-10 21:56:05,945 - storage.StoreAVLTree - INFO - Log file storage.log was created.
2024-10-10 21:56:05,945 - storage.StoreAVLTree - INFO - Log file storage.log was created.
2024-10-10 21:56:05,945 - storage.StoreAVLTree - INFO - Opening DB file ./DB/test.txt...
2024-10-10 21:56:05,945 - storage.StoreAVLTree - INFO - Opening DB file ./DB/test.txt...
2024-10-10 21:56:05,945 - storage.StoreAVLTree - INFO - Opening DB file ./DB/test.txt...
2024-10-10 21:56:05,952 - storage.StoreAVLTree - INFO - AVL tree retrieved from ./DB/test.txt.
2024-10-10 21:56:05,952 - storage.StoreAVLTree - INFO - AVL tree retrieved from ./DB/test.txt.
2024-10-10 21:56:05,952 - storage.StoreAVLTree - INFO - AVL tree retrieved from ./DB/test.txt.
2024-10-10 21:56:05,952 - storage.StoreAVLTree - INFO - Deserializing the AVL tree...
2024-10-10 21:56:05,952 - storage.StoreAVLTree - INFO - Deserializing the AVL tree...
2024-10-10 21:56:05,952 - storage.StoreAVLTree - INFO - Deserializing the AVL tree...
2024-10-10 21:56:05,953 - storage.StoreAVLTree - INFO - Deserialized the AVL tree.
2024-10-10 21:56:05,953 - storage.StoreAVLTree - INFO - Deserialized the AVL tree.
2024-10-10 21:56:05,953 - storage.StoreAVLTree - INFO - Deserialized the AVL tree.
2024-10-10 21:56:18,764 - storage.StoreAVLTree - INFO - Creating a log file...
2024-10-10 21:56:18,764 - storage.StoreAVLTree - INFO - Log file storage.log was created.
2024-10-10 21:56:18,764 - storage.StoreAVLTree - INFO - Opening DB file ./DB/test.txt...
2024-10-10 21:56:18,764 - storage.StoreAVLTree - INFO - AVL tree retrieved from ./DB/test.txt.
2024-10-10 21:56:18,764 - storage.StoreAVLTree - INFO - Deserializing the AVL tree...
2024-10-10 21:56:18,765 - storage.StoreAVLTree - INFO - Deserialized the AVL tree.
2024-10-10 21:56:18,765 - storage.StoreAVLTree - INFO - Creating a log file...
2024-10-10 21:56:18,765 - storage.StoreAVLTree - INFO - Creating a log file...
2024-10-10 21:56:18,765 - storage.StoreAVLTree - INFO - Log file storage.log was created.
2024-10-10 21:56:18,765 - storage.StoreAVLTree - INFO - Log file storage.log was created.
2024-10-10 21:56:18,765 - storage.StoreAVLTree - INFO - Serializing the AVL tree...
2024-10-10 21:56:18,765 - storage.StoreAVLTree - INFO - Serializing the AVL tree...
2024-10-10 21:56:18,765 - storage.StoreAVLTree - INFO - Serialized AVL Tree: 6,5,4,10,8,7,20,30.
2024-10-10 21:56:18,765 - storage.StoreAVLTree - INFO - Serialized AVL Tree: 6,5,4,10,8,7,20,30.
2024-10-10 21:56:18,765 - storage.StoreAVLTree - INFO - Creating DB file test.txt...
2024-10-10 21:56:18,765 - storage.StoreAVLTree - INFO - Creating DB file test.txt...
2024-10-10 21:56:18,765 - storage.StoreAVLTree - INFO - DB file created: ./DB/test.txt
2024-10-10 21:56:18,765 - storage.StoreAVLTree - INFO - DB file created: ./DB/test.txt
2024-10-10 21:56:18,765 - storage.StoreAVLTree - INFO - AVL tree saved in ./DB/test.txt.
2024-10-10 21:56:18,765 - storage.StoreAVLTree - INFO - AVL tree saved in ./DB/test.txt.
2024-10-10 21:56:18,766 - storage.StoreAVLTree - INFO - Creating a log file...
2024-10-10 21:56:18,766 - storage.StoreAVLTree - INFO - Creating a log file...
2024-10-10 21:56:18,766 - storage.StoreAVLTree - INFO - Creating a log file...
2024-10-10 21:56:18,766 - storage.StoreAVLTree - INFO - Log file storage.log was created.
2024-10-10 21:56:18,766 - storage.StoreAVLTree - INFO - Log file storage.log was created.
2024-10-10 21:56:18,766 - storage.StoreAVLTree - INFO - Log file storage.log was created.
2024-10-10 21:56:18,766 - storage.StoreAVLTree - INFO - Opening DB file ./DB/test.txt...
2024-10-10 21:56:18,766 - storage.StoreAVLTree - INFO - Opening DB file ./DB/test.txt...
2024-10-10 21:56:18,766 - storage.StoreAVLTree - INFO - Opening DB file ./DB/test.txt...
2024-10-10 21:56:18,772 - storage.StoreAVLTree - INFO - AVL tree retrieved from ./DB/test.txt.
2024-10-10 21:56:18,772 - storage.StoreAVLTree - INFO - AVL tree retrieved from ./DB/test.txt.
2024-10-10 21:56:18,772 - storage.StoreAVLTree - INFO - AVL tree retrieved from ./DB/test.txt.
2024-10-10 21:56:18,772 - storage.StoreAVLTree - INFO - Deserializing the AVL tree...
2024-10-10 21:56:18,772 - storage.StoreAVLTree - INFO - Deserializing the AVL tree...
2024-10-10 21:56:18,772 - storage.StoreAVLTree - INFO - Deserializing the AVL tree...
2024-10-10 21:56:18,773 - storage.StoreAVLTree - INFO - Deserialized the AVL tree.
2024-10-10 21:56:18,773 - storage.StoreAVLTree - INFO - Deserialized the AVL tree.
2024-10-10 21:56:18,773 - storage.StoreAVLTree - INFO - Deserialized the AVL tree.
2024-10-10 21:56:45,139 - storage.StoreAVLTree - INFO - Creating a log file...
2024-10-10 21:56:45,139 - storage.StoreAVLTree - INFO - Log file storage.log was created.
2024-10-10 21:56:45,139 - storage.StoreAVLTree - INFO - Opening DB file ./DB/test.txt...
2024-10-10 21:56:45,139 - storage.StoreAVLTree - INFO - AVL tree retrieved from ./DB/test.txt.
2024-10-10 21:56:45,139 - storage.StoreAVLTree - INFO - Deserializing the AVL tree...
2024-10-10 21:56:45,140 - storage.StoreAVLTree - INFO - Deserialized the AVL tree.
2024-10-10 21:56:45,141 - storage.StoreAVLTree - INFO - Creating a log file...
2024-10-10 21:56:45,141 - storage.StoreAVLTree - INFO - Creating a log file...
2024-10-10 21:56:45,141 - storage.StoreAVLTree - INFO - Log file storage.log was created.
2024-10-10 21:56:45,141 - storage.StoreAVLTree - INFO - Log file storage.log was created.
2024-10-10 21:56:45,141 - storage.StoreAVLTree - INFO - Serializing the AVL tree...
2024-10-10 21:56:45,141 - storage.StoreAVLTree - INFO - Serializing the AVL tree...
2024-10-10 21:56:45,141 - storage.StoreAVLTree - INFO - Serialized AVL Tree: 6,4,3,5,8,7,20,10,30.
2024-10-10 21:56:45,141 - storage.StoreAVLTree - INFO - Serialized AVL Tree: 6,4,3,5,8,7,20,10,30.
2024-10-10 21:56:45,141 - storage.StoreAVLTree - INFO - Creating DB file test.txt...
2024-10-10 21:56:45,141 - storage.StoreAVLTree - INFO - Creating DB file test.txt...
2024-10-10 21:56:45,141 - storage.StoreAVLTree - INFO - DB file created: ./DB/test.txt
2024-10-10 21:56:45,141 - storage.StoreAVLTree - INFO - DB file created: ./DB/test.txt
2024-10-10 21:56:45,141 - storage.StoreAVLTree - INFO - AVL tree saved in ./DB/test.txt.
2024-10-10 21:56:45,141 - storage.StoreAVLTree - INFO - AVL tree saved in ./DB/test.txt.
2024-10-10 21:56:45,141 - storage.StoreAVLTree - INFO - Creating a log file...
2024-10-10 21:56:45,141 - storage.StoreAVLTree - INFO - Creating a log file...
2024-10-10 21:56:45,141 - storage.StoreAVLTree - INFO - Creating a log file...
2024-10-10 21:56:45,141 - storage.StoreAVLTree - INFO - Log file storage.log was created.
2024-10-10 21:56:45,141 - storage.StoreAVLTree - INFO - Log file storage.log was created.
2024-10-10 21:56:45,141 - storage.StoreAVLTree - INFO - Log file storage.log was created.
2024-10-10 21:56:45,141 - storage.StoreAVLTree - INFO - Opening DB file ./DB/test.txt...
2024-10-10 21:56:45,141 - storage.StoreAVLTree - INFO - Opening DB file ./DB/test.txt...
2024-10-10 21:56:45,141 - storage.StoreAVLTree - INFO - Opening DB file ./DB/test.txt...
2024-10-10 21:56:45,145 - storage.StoreAVLTree - INFO - AVL tree retrieved from ./DB/test.txt.
2024-10-10 21:56:45,145 - storage.StoreAVLTree - INFO - AVL tree retrieved from ./DB/test.txt.
2024-10-10 21:56:45,145 - storage.StoreAVLTree - INFO - AVL tree retrieved from ./DB/test.txt.
2024-10-10 21:56:45,145 - storage.StoreAVLTree - INFO - Deserializing the AVL tree...
2024-10-10 21:56:45,145 - storage.StoreAVLTree - INFO - Deserializing the AVL tree...
2024-10-10 21:56:45,145 - storage.StoreAVLTree - INFO - Deserializing the AVL tree...
2024-10-10 21:56:45,147 - storage.StoreAVLTree - INFO - Deserialized the AVL tree.
2024-10-10 21:56:45,147 - storage.StoreAVLTree - INFO - Deserialized the AVL tree.
2024-10-10 21:56:45,147 - storage.StoreAVLTree - INFO - Deserialized the AVL tree.
2024-10-10 21:57:03,260 - storage.StoreAVLTree - INFO - Creating a log file...
2024-10-10 21:57:03,260 - storage.StoreAVLTree - INFO - Log file storage.log was created.
2024-10-10 21:57:03,260 - storage.StoreAVLTree - INFO - Opening DB file ./DB/test.txt...
2024-10-10 21:57:03,260 - storage.StoreAVLTree - INFO - AVL tree retrieved from ./DB/test.txt.
2024-10-10 21:57:03,260 - storage.StoreAVLTree - INFO - Deserializing the AVL tree...
2024-10-10 21:57:03,261 - storage.StoreAVLTree - INFO - Deserialized the AVL tree.
2024-10-10 21:59:12,206 - storage.StoreAVLTree - INFO - Creating a log file...
2024-10-10 21:59:12,206 - storage.StoreAVLTree - INFO - Log file storage.log was created.
2024-10-10 21:59:12,207 - storage.StoreAVLTree - INFO - Opening DB file ./DB/tree1.txt...
2024-10-10 21:59:12,207 - storage.StoreAVLTree - INFO - AVL tree retrieved from ./DB/tree1.txt.
2024-10-10 21:59:12,207 - storage.StoreAVLTree - INFO - Deserializing the AVL tree...
2024-10-10 21:59:12,207 - storage.StoreAVLTree - INFO - Deserialized the AVL tree.
2024-10-10 21:59:17,755 - storage.StoreAVLTree - INFO - Creating a log file...
2024-10-10 21:59:17,755 - storage.StoreAVLTree - INFO - Log file storage.log was created.
2024-10-10 21:59:17,755 - storage.StoreAVLTree - INFO - Opening DB file ./DB/test.txt...
2024-10-10 21:59:17,756 - storage.StoreAVLTree - INFO - AVL tree retrieved from ./DB/test.txt.
2024-10-10 21:59:17,756 - storage.StoreAVLTree - INFO - Deserializing the AVL tree...
2024-10-10 21:59:17,756 - storage.StoreAVLTree - INFO - Deserialized the AVL tree.
2024-10-10 22:01:56,880 - storage.StoreAVLTree - INFO - Creating a log file...
2024-10-10 22:01:56,880 - storage.StoreAVLTree - INFO - Log file storage.log was created.
2024-10-10 22:01:56,880 - storage.StoreAVLTree - INFO - Opening DB file ./DB/tree1.txt...
2024-10-10 22:01:56,880 - storage.StoreAVLTree - INFO - AVL tree retrieved from ./DB/tree1.txt.
2024-10-10 22:01:56,880 - storage.StoreAVLTree - INFO - Deserializing the AVL tree...
2024-10-10 22:01:56,881 - storage.StoreAVLTree - INFO - Deserialized the AVL tree.
2024-10-10 22:02:00,100 - storage.StoreAVLTree - INFO - Creating a log file...
2024-10-10 22:02:00,100 - storage.StoreAVLTree - INFO - Log file storage.log was created.
2024-10-10 22:02:00,100 - storage.StoreAVLTree - INFO - Opening DB file ./DB/test.txt...
2024-10-10 22:02:00,100 - storage.StoreAVLTree - INFO - AVL tree retrieved from ./DB/test.txt.
2024-10-10 22:02:00,100 - storage.StoreAVLTree - INFO - Deserializing the AVL tree...
2024-10-10 22:02:00,101 - storage.StoreAVLTree - INFO - Deserialized the AVL tree.
2024-10-10 23:17:16,477 - storage.StoreAVLTree - INFO - Creating a log file...
2024-10-10 23:17:16,477 - storage.StoreAVLTree - INFO - Log file storage.log was created.
2024-10-10 23:17:16,477 - storage.StoreAVLTree - INFO - Opening DB file ./DB/tree1.txt...
2024-10-10 23:17:16,477 - storage.StoreAVLTree - INFO - AVL tree retrieved from ./DB/tree1.txt.
2024-10-10 23:17:16,478 - storage.StoreAVLTree - INFO - Deserializing the AVL tree...
2024-10-10 23:17:16,478 - storage.StoreAVLTree - INFO - Deserialized the AVL tree.
2024-10-10 23:17:20,071 - storage.StoreAVLTree - INFO - Creating a log file...
2024-10-10 23:17:20,071 - storage.StoreAVLTree - INFO - Log file storage.log was created.
2024-10-10 23:17:20,071 - storage.StoreAVLTree - INFO - Opening DB file ./DB/test.txt...
2024-10-10 23:17:20,071 - storage.StoreAVLTree - INFO - AVL tree retrieved from ./DB/test.txt.
2024-10-10 23:17:20,071 - storage.StoreAVLTree - INFO - Deserializing the AVL tree...
2024-10-10 23:17:20,072 - storage.StoreAVLTree - INFO - Deserialized the AVL tree.
2024-10-10 23:24:43,804 - storage.StoreAVLTree - INFO - Creating a log file...
2024-10-10 23:24:43,804 - storage.StoreAVLTree - INFO - Log file storage.log was created.
2024-10-10 23:24:43,804 - storage.StoreAVLTree - INFO - Opening DB file ./DB/tree1.txt...
2024-10-10 23:24:43,804 - storage.StoreAVLTree - INFO - AVL tree retrieved from ./DB/tree1.txt.
2024-10-10 23:24:43,804 - storage.StoreAVLTree - INFO - Deserializing the AVL tree...
2024-10-10 23:24:43,805 - storage.StoreAVLTree - INFO - Deserialized the AVL tree.
2024-10-10 23:24:47,283 - storage.StoreAVLTree - INFO - Creating a log file...
2024-10-10 23:24:47,283 - storage.StoreAVLTree - INFO - Log file storage.log was created.
2024-10-10 23:24:47,284 - storage.StoreAVLTree - INFO - Opening DB file ./DB/test.txt...
2024-10-10 23:24:47,284 - storage.StoreAVLTree - INFO - AVL tree retrieved from ./DB/test.txt.
2024-10-10 23:24:47,284 - storage.StoreAVLTree - INFO - Deserializing the AVL tree...
2024-10-10 23:24:47,284 - storage.StoreAVLTree - INFO - Deserialized the AVL tree.
