2024-10-10 21:14:20,075 - avl_tree.AVLTree - INFO - Creating AVL tree...
2024-10-10 21:14:20,075 - avl_tree.AVLTree - INFO - Origin node 42 is created.
2024-10-10 21:14:20,075 - avl_tree.AVLTree - INFO - Left child node 7 of node 42 is created.
2024-10-10 21:14:20,075 - avl_tree.AVLTree - INFO - Right child node 86 of node 42 is created.
2024-10-10 21:14:20,075 - avl_tree.AVLTree - INFO - Right child node 23 of node 7 is created.
2024-10-10 21:14:20,075 - avl_tree.AVLTree - INFO - Left child node 15 of node 23 is created.
2024-10-10 21:14:20,075 - avl_tree.AVLTree - INFO - Node 7 has a balance factor of -2.
2024-10-10 21:14:20,075 - avl_tree.AVLTree - INFO - Node 23 requires right rotation.
2024-10-10 21:14:20,075 - avl_tree.AVLTree - INFO - Rotating...
2024-10-10 21:14:20,076 - avl_tree.AVLTree - INFO - Rotated right at node 23.
2024-10-10 21:14:20,076 - avl_tree.AVLTree - INFO - Node 7 requires left rotation.
2024-10-10 21:14:20,076 - avl_tree.AVLTree - INFO - Rotating...
2024-10-10 21:14:20,076 - avl_tree.AVLTree - INFO - Rotated left at node 7.
2024-10-10 21:14:20,076 - avl_tree.AVLTree - INFO - Right child node 91 of node 86 is created.
2024-10-10 21:14:20,076 - avl_tree.AVLTree - INFO - Right child node 34 of node 23 is created.
2024-10-10 21:14:20,079 - avl_tree.AVLTree - INFO - Creating AVL tree...
2024-10-10 21:14:20,079 - avl_tree.AVLTree - INFO - Creating AVL tree...
2024-10-10 21:14:20,079 - avl_tree.AVLTree - INFO - Origin node 42 is created.
2024-10-10 21:14:20,079 - avl_tree.AVLTree - INFO - Origin node 42 is created.
2024-10-10 21:14:20,079 - avl_tree.AVLTree - INFO - Left child node 15 of node 42 is created.
2024-10-10 21:14:20,079 - avl_tree.AVLTree - INFO - Left child node 15 of node 42 is created.
2024-10-10 21:14:20,079 - avl_tree.AVLTree - INFO - Left child node 7 of node 15 is created.
2024-10-10 21:14:20,079 - avl_tree.AVLTree - INFO - Left child node 7 of node 15 is created.
2024-10-10 21:14:20,079 - avl_tree.AVLTree - INFO - Node 42 has a balance factor of 2.
2024-10-10 21:14:20,079 - avl_tree.AVLTree - INFO - Node 42 has a balance factor of 2.
2024-10-10 21:14:20,079 - avl_tree.AVLTree - INFO - Node 42 requires right rotation.
2024-10-10 21:14:20,079 - avl_tree.AVLTree - INFO - Node 42 requires right rotation.
2024-10-10 21:14:20,079 - avl_tree.AVLTree - INFO - Rotating...
2024-10-10 21:14:20,079 - avl_tree.AVLTree - INFO - Rotating...
2024-10-10 21:14:20,079 - avl_tree.AVLTree - INFO - Rotated right at node 42.
2024-10-10 21:14:20,079 - avl_tree.AVLTree - INFO - Rotated right at node 42.
2024-10-10 21:14:20,079 - avl_tree.AVLTree - INFO - Left child node 23 of node 42 is created.
2024-10-10 21:14:20,079 - avl_tree.AVLTree - INFO - Left child node 23 of node 42 is created.
2024-10-10 21:14:20,079 - avl_tree.AVLTree - INFO - Right child node 34 of node 23 is created.
2024-10-10 21:14:20,079 - avl_tree.AVLTree - INFO - Right child node 34 of node 23 is created.
2024-10-10 21:14:20,079 - avl_tree.AVLTree - INFO - Node 42 has a balance factor of 2.
2024-10-10 21:14:20,079 - avl_tree.AVLTree - INFO - Node 42 has a balance factor of 2.
2024-10-10 21:14:20,079 - avl_tree.AVLTree - INFO - Node 23 requires left rotation.
2024-10-10 21:14:20,079 - avl_tree.AVLTree - INFO - Node 23 requires left rotation.
2024-10-10 21:14:20,079 - avl_tree.AVLTree - INFO - Rotating...
2024-10-10 21:14:20,079 - avl_tree.AVLTree - INFO - Rotating...
2024-10-10 21:14:20,079 - avl_tree.AVLTree - INFO - Rotated left at node 23.
2024-10-10 21:14:20,079 - avl_tree.AVLTree - INFO - Rotated left at node 23.
2024-10-10 21:14:20,079 - avl_tree.AVLTree - INFO - Node 42 requires right rotation.
2024-10-10 21:14:20,079 - avl_tree.AVLTree - INFO - Node 42 requires right rotation.
2024-10-10 21:14:20,079 - avl_tree.AVLTree - INFO - Rotating...
2024-10-10 21:14:20,079 - avl_tree.AVLTree - INFO - Rotating...
2024-10-10 21:14:20,079 - avl_tree.AVLTree - INFO - Rotated right at node 42.
2024-10-10 21:14:20,079 - avl_tree.AVLTree - INFO - Rotated right at node 42.
2024-10-10 21:14:20,079 - avl_tree.AVLTree - INFO - Right child node 86 of node 42 is created.
2024-10-10 21:14:20,079 - avl_tree.AVLTree - INFO - Right child node 86 of node 42 is created.
2024-10-10 21:14:20,080 - avl_tree.AVLTree - INFO - Node 15 has a balance factor of -2.
2024-10-10 21:14:20,080 - avl_tree.AVLTree - INFO - Node 15 has a balance factor of -2.
2024-10-10 21:14:20,080 - avl_tree.AVLTree - INFO - Node 15 requires left rotation.
2024-10-10 21:14:20,080 - avl_tree.AVLTree - INFO - Node 15 requires left rotation.
2024-10-10 21:14:20,080 - avl_tree.AVLTree - INFO - Rotating...
2024-10-10 21:14:20,080 - avl_tree.AVLTree - INFO - Rotating...
2024-10-10 21:14:20,080 - avl_tree.AVLTree - INFO - Rotated left at node 15.
2024-10-10 21:14:20,080 - avl_tree.AVLTree - INFO - Rotated left at node 15.
2024-10-10 21:14:20,080 - avl_tree.AVLTree - INFO - Right child node 91 of node 86 is created.
2024-10-10 21:14:20,080 - avl_tree.AVLTree - INFO - Right child node 91 of node 86 is created.
2024-10-10 21:14:20,080 - avl_tree.AVLTree - INFO - Node 42 has a balance factor of -2.
2024-10-10 21:14:20,080 - avl_tree.AVLTree - INFO - Node 42 has a balance factor of -2.
2024-10-10 21:14:20,080 - avl_tree.AVLTree - INFO - Node 42 requires left rotation.
2024-10-10 21:14:20,080 - avl_tree.AVLTree - INFO - Node 42 requires left rotation.
2024-10-10 21:14:20,080 - avl_tree.AVLTree - INFO - Rotating...
2024-10-10 21:14:20,080 - avl_tree.AVLTree - INFO - Rotating...
2024-10-10 21:14:20,080 - avl_tree.AVLTree - INFO - Rotated left at node 42.
2024-10-10 21:14:20,080 - avl_tree.AVLTree - INFO - Rotated left at node 42.
2024-10-10 21:27:02,258 - avl_tree.AVLTree - INFO - Creating AVL tree...
2024-10-10 21:27:02,258 - avl_tree.AVLTree - INFO - Origin node 42 is created.
2024-10-10 21:27:02,258 - avl_tree.AVLTree - INFO - Left child node 15 of node 42 is created.
2024-10-10 21:27:02,258 - avl_tree.AVLTree - INFO - Left child node 7 of node 15 is created.
2024-10-10 21:27:02,258 - avl_tree.AVLTree - INFO - Node 42 has a balance factor of 2.
2024-10-10 21:27:02,258 - avl_tree.AVLTree - INFO - Node 42 requires right rotation.
2024-10-10 21:27:02,258 - avl_tree.AVLTree - INFO - Rotating...
2024-10-10 21:27:02,258 - avl_tree.AVLTree - INFO - Rotated right at node 42.
2024-10-10 21:27:02,258 - avl_tree.AVLTree - INFO - Left child node 23 of node 42 is created.
2024-10-10 21:27:02,258 - avl_tree.AVLTree - INFO - Right child node 34 of node 23 is created.
2024-10-10 21:27:02,258 - avl_tree.AVLTree - INFO - Node 42 has a balance factor of 2.
2024-10-10 21:27:02,258 - avl_tree.AVLTree - INFO - Node 23 requires left rotation.
2024-10-10 21:27:02,258 - avl_tree.AVLTree - INFO - Rotating...
2024-10-10 21:27:02,258 - avl_tree.AVLTree - INFO - Rotated left at node 23.
2024-10-10 21:27:02,258 - avl_tree.AVLTree - INFO - Node 42 requires right rotation.
2024-10-10 21:27:02,258 - avl_tree.AVLTree - INFO - Rotating...
2024-10-10 21:27:02,258 - avl_tree.AVLTree - INFO - Rotated right at node 42.
2024-10-10 21:27:02,258 - avl_tree.AVLTree - INFO - Right child node 86 of node 42 is created.
2024-10-10 21:27:02,258 - avl_tree.AVLTree - INFO - Node 15 has a balance factor of -2.
2024-10-10 21:27:02,258 - avl_tree.AVLTree - INFO - Node 15 requires left rotation.
2024-10-10 21:27:02,258 - avl_tree.AVLTree - INFO - Rotating...
2024-10-10 21:27:02,258 - avl_tree.AVLTree - INFO - Rotated left at node 15.
2024-10-10 21:27:02,258 - avl_tree.AVLTree - INFO - Right child node 91 of node 86 is created.
2024-10-10 21:27:02,258 - avl_tree.AVLTree - INFO - Node 42 has a balance factor of -2.
2024-10-10 21:27:02,258 - avl_tree.AVLTree - INFO - Node 42 requires left rotation.
2024-10-10 21:27:02,258 - avl_tree.AVLTree - INFO - Rotating...
2024-10-10 21:27:02,258 - avl_tree.AVLTree - INFO - Rotated left at node 42.
2024-10-10 21:27:17,460 - avl_tree.AVLTree - INFO - Creating AVL tree...
2024-10-10 21:27:17,460 - avl_tree.AVLTree - INFO - Origin node 42 is created.
2024-10-10 21:27:17,460 - avl_tree.AVLTree - INFO - Left child node 15 of node 42 is created.
2024-10-10 21:27:17,460 - avl_tree.AVLTree - INFO - Left child node 7 of node 15 is created.
2024-10-10 21:27:17,460 - avl_tree.AVLTree - INFO - Node 42 has a balance factor of 2.
2024-10-10 21:27:17,460 - avl_tree.AVLTree - INFO - Node 42 requires right rotation.
2024-10-10 21:27:17,460 - avl_tree.AVLTree - INFO - Rotating...
2024-10-10 21:27:17,460 - avl_tree.AVLTree - INFO - Rotated right at node 42.
2024-10-10 21:27:17,460 - avl_tree.AVLTree - INFO - Left child node 23 of node 42 is created.
2024-10-10 21:27:17,460 - avl_tree.AVLTree - INFO - Right child node 34 of node 23 is created.
2024-10-10 21:27:17,460 - avl_tree.AVLTree - INFO - Node 42 has a balance factor of 2.
2024-10-10 21:27:17,460 - avl_tree.AVLTree - INFO - Node 23 requires left rotation.
2024-10-10 21:27:17,460 - avl_tree.AVLTree - INFO - Rotating...
2024-10-10 21:27:17,460 - avl_tree.AVLTree - INFO - Rotated left at node 23.
2024-10-10 21:27:17,460 - avl_tree.AVLTree - INFO - Node 42 requires right rotation.
2024-10-10 21:27:17,460 - avl_tree.AVLTree - INFO - Rotating...
2024-10-10 21:27:17,460 - avl_tree.AVLTree - INFO - Rotated right at node 42.
2024-10-10 21:27:17,460 - avl_tree.AVLTree - INFO - Right child node 86 of node 42 is created.
2024-10-10 21:27:17,460 - avl_tree.AVLTree - INFO - Node 15 has a balance factor of -2.
2024-10-10 21:27:17,460 - avl_tree.AVLTree - INFO - Node 15 requires left rotation.
2024-10-10 21:27:17,460 - avl_tree.AVLTree - INFO - Rotating...
2024-10-10 21:27:17,460 - avl_tree.AVLTree - INFO - Rotated left at node 15.
2024-10-10 21:27:17,460 - avl_tree.AVLTree - INFO - Right child node 91 of node 86 is created.
2024-10-10 21:27:17,460 - avl_tree.AVLTree - INFO - Node 42 has a balance factor of -2.
2024-10-10 21:27:17,460 - avl_tree.AVLTree - INFO - Node 42 requires left rotation.
2024-10-10 21:27:17,460 - avl_tree.AVLTree - INFO - Rotating...
2024-10-10 21:27:17,460 - avl_tree.AVLTree - INFO - Rotated left at node 42.
2024-10-10 21:32:31,626 - avl_tree.AVLTree - INFO - Creating AVL tree...
2024-10-10 21:32:31,626 - avl_tree.AVLTree - INFO - Origin node 30 is created.
2024-10-10 21:32:56,869 - avl_tree.AVLTree - INFO - Creating AVL tree...
2024-10-10 21:32:56,869 - avl_tree.AVLTree - INFO - Origin node 30 is created.
2024-10-10 21:34:19,120 - avl_tree.AVLTree - INFO - Creating AVL tree...
2024-10-10 21:34:19,120 - avl_tree.AVLTree - INFO - Origin node 30 is created.
2024-10-10 21:34:35,515 - avl_tree.AVLTree - INFO - Creating AVL tree...
2024-10-10 21:34:35,515 - avl_tree.AVLTree - INFO - Origin node 30 is created.
2024-10-10 21:34:47,220 - avl_tree.AVLTree - INFO - Creating AVL tree...
2024-10-10 21:34:47,220 - avl_tree.AVLTree - INFO - Origin node 30 is created.
2024-10-10 21:35:45,427 - avl_tree.AVLTree - INFO - Creating AVL tree...
2024-10-10 21:35:45,427 - avl_tree.AVLTree - INFO - Origin node 30 is created.
2024-10-10 21:35:53,923 - avl_tree.AVLTree - INFO - Creating AVL tree...
2024-10-10 21:35:53,923 - avl_tree.AVLTree - INFO - Origin node 30 is created.
2024-10-10 21:35:53,923 - avl_tree.AVLTree - INFO - Left child node 20 of node 30 is created.
2024-10-10 21:35:58,692 - avl_tree.AVLTree - INFO - Creating AVL tree...
2024-10-10 21:35:58,692 - avl_tree.AVLTree - INFO - Origin node 30 is created.
2024-10-10 21:35:58,692 - avl_tree.AVLTree - INFO - Left child node 10 of node 30 is created.
2024-10-10 21:55:13,165 - avl_tree.AVLTree - INFO - Creating AVL tree...
2024-10-10 21:55:13,166 - avl_tree.AVLTree - INFO - Origin node 30 is created.
2024-10-10 21:55:18,214 - avl_tree.AVLTree - INFO - Creating AVL tree...
2024-10-10 21:55:18,214 - avl_tree.AVLTree - INFO - Origin node 30 is created.
2024-10-10 21:55:18,214 - avl_tree.AVLTree - INFO - Left child node 20 of node 30 is created.
2024-10-10 21:55:18,221 - avl_tree.AVLTree - INFO - Creating AVL tree...
2024-10-10 21:55:18,221 - avl_tree.AVLTree - INFO - Creating AVL tree...
2024-10-10 21:55:18,221 - avl_tree.AVLTree - INFO - Origin node 30 is created.
2024-10-10 21:55:18,221 - avl_tree.AVLTree - INFO - Origin node 30 is created.
2024-10-10 21:55:18,222 - avl_tree.AVLTree - INFO - Left child node 20 of node 30 is created.
2024-10-10 21:55:18,222 - avl_tree.AVLTree - INFO - Left child node 20 of node 30 is created.
2024-10-10 21:55:24,510 - avl_tree.AVLTree - INFO - Creating AVL tree...
2024-10-10 21:55:24,510 - avl_tree.AVLTree - INFO - Origin node 30 is created.
2024-10-10 21:55:24,510 - avl_tree.AVLTree - INFO - Left child node 20 of node 30 is created.
2024-10-10 21:55:24,510 - avl_tree.AVLTree - INFO - Left child node 10 of node 20 is created.
2024-10-10 21:55:24,510 - avl_tree.AVLTree - INFO - Node 30 has a balance factor of 2.
2024-10-10 21:55:24,510 - avl_tree.AVLTree - INFO - Node 30 requires right rotation.
2024-10-10 21:55:24,510 - avl_tree.AVLTree - INFO - Rotating...
2024-10-10 21:55:24,510 - avl_tree.AVLTree - INFO - Rotated right at node 30.
2024-10-10 21:55:24,513 - avl_tree.AVLTree - INFO - Creating AVL tree...
2024-10-10 21:55:24,513 - avl_tree.AVLTree - INFO - Creating AVL tree...
2024-10-10 21:55:24,513 - avl_tree.AVLTree - INFO - Origin node 20 is created.
2024-10-10 21:55:24,513 - avl_tree.AVLTree - INFO - Origin node 20 is created.
2024-10-10 21:55:24,513 - avl_tree.AVLTree - INFO - Left child node 10 of node 20 is created.
2024-10-10 21:55:24,513 - avl_tree.AVLTree - INFO - Left child node 10 of node 20 is created.
2024-10-10 21:55:24,513 - avl_tree.AVLTree - INFO - Right child node 30 of node 20 is created.
2024-10-10 21:55:24,513 - avl_tree.AVLTree - INFO - Right child node 30 of node 20 is created.
2024-10-10 21:55:43,905 - avl_tree.AVLTree - INFO - Creating AVL tree...
2024-10-10 21:55:43,905 - avl_tree.AVLTree - INFO - Origin node 20 is created.
2024-10-10 21:55:43,905 - avl_tree.AVLTree - INFO - Left child node 10 of node 20 is created.
2024-10-10 21:55:43,905 - avl_tree.AVLTree - INFO - Right child node 30 of node 20 is created.
2024-10-10 21:55:43,905 - avl_tree.AVLTree - INFO - Left child node 8 of node 10 is created.
2024-10-10 21:55:43,913 - avl_tree.AVLTree - INFO - Creating AVL tree...
2024-10-10 21:55:43,913 - avl_tree.AVLTree - INFO - Creating AVL tree...
2024-10-10 21:55:43,913 - avl_tree.AVLTree - INFO - Origin node 20 is created.
2024-10-10 21:55:43,913 - avl_tree.AVLTree - INFO - Origin node 20 is created.
2024-10-10 21:55:43,913 - avl_tree.AVLTree - INFO - Left child node 10 of node 20 is created.
2024-10-10 21:55:43,913 - avl_tree.AVLTree - INFO - Left child node 10 of node 20 is created.
2024-10-10 21:55:43,913 - avl_tree.AVLTree - INFO - Left child node 8 of node 10 is created.
2024-10-10 21:55:43,913 - avl_tree.AVLTree - INFO - Left child node 8 of node 10 is created.
2024-10-10 21:55:43,913 - avl_tree.AVLTree - INFO - Node 20 has a balance factor of 2.
2024-10-10 21:55:43,913 - avl_tree.AVLTree - INFO - Node 20 has a balance factor of 2.
2024-10-10 21:55:43,913 - avl_tree.AVLTree - INFO - Node 20 requires right rotation.
2024-10-10 21:55:43,913 - avl_tree.AVLTree - INFO - Node 20 requires right rotation.
2024-10-10 21:55:43,913 - avl_tree.AVLTree - INFO - Rotating...
2024-10-10 21:55:43,913 - avl_tree.AVLTree - INFO - Rotating...
2024-10-10 21:55:43,913 - avl_tree.AVLTree - INFO - Rotated right at node 20.
2024-10-10 21:55:43,913 - avl_tree.AVLTree - INFO - Rotated right at node 20.
2024-10-10 21:55:43,913 - avl_tree.AVLTree - INFO - Right child node 30 of node 20 is created.
2024-10-10 21:55:43,913 - avl_tree.AVLTree - INFO - Right child node 30 of node 20 is created.
2024-10-10 21:55:54,923 - avl_tree.AVLTree - INFO - Creating AVL tree...
2024-10-10 21:55:54,923 - avl_tree.AVLTree - INFO - Origin node 20 is created.
2024-10-10 21:55:54,923 - avl_tree.AVLTree - INFO - Left child node 10 of node 20 is created.
2024-10-10 21:55:54,923 - avl_tree.AVLTree - INFO - Left child node 8 of node 10 is created.
2024-10-10 21:55:54,923 - avl_tree.AVLTree - INFO - Node 20 has a balance factor of 2.
2024-10-10 21:55:54,923 - avl_tree.AVLTree - INFO - Node 20 requires right rotation.
2024-10-10 21:55:54,923 - avl_tree.AVLTree - INFO - Rotating...
2024-10-10 21:55:54,923 - avl_tree.AVLTree - INFO - Rotated right at node 20.
2024-10-10 21:55:54,923 - avl_tree.AVLTree - INFO - Right child node 30 of node 20 is created.
2024-10-10 21:55:54,924 - avl_tree.AVLTree - INFO - Left child node 6 of node 8 is created.
2024-10-10 21:55:54,927 - avl_tree.AVLTree - INFO - Creating AVL tree...
2024-10-10 21:55:54,927 - avl_tree.AVLTree - INFO - Creating AVL tree...
2024-10-10 21:55:54,927 - avl_tree.AVLTree - INFO - Origin node 10 is created.
2024-10-10 21:55:54,927 - avl_tree.AVLTree - INFO - Origin node 10 is created.
2024-10-10 21:55:54,927 - avl_tree.AVLTree - INFO - Left child node 8 of node 10 is created.
2024-10-10 21:55:54,927 - avl_tree.AVLTree - INFO - Left child node 8 of node 10 is created.
2024-10-10 21:55:54,927 - avl_tree.AVLTree - INFO - Left child node 6 of node 8 is created.
2024-10-10 21:55:54,927 - avl_tree.AVLTree - INFO - Left child node 6 of node 8 is created.
2024-10-10 21:55:54,927 - avl_tree.AVLTree - INFO - Node 10 has a balance factor of 2.
2024-10-10 21:55:54,927 - avl_tree.AVLTree - INFO - Node 10 has a balance factor of 2.
2024-10-10 21:55:54,927 - avl_tree.AVLTree - INFO - Node 10 requires right rotation.
2024-10-10 21:55:54,927 - avl_tree.AVLTree - INFO - Node 10 requires right rotation.
2024-10-10 21:55:54,927 - avl_tree.AVLTree - INFO - Rotating...
2024-10-10 21:55:54,927 - avl_tree.AVLTree - INFO - Rotating...
2024-10-10 21:55:54,927 - avl_tree.AVLTree - INFO - Rotated right at node 10.
2024-10-10 21:55:54,927 - avl_tree.AVLTree - INFO - Rotated right at node 10.
2024-10-10 21:55:54,927 - avl_tree.AVLTree - INFO - Right child node 20 of node 10 is created.
2024-10-10 21:55:54,927 - avl_tree.AVLTree - INFO - Right child node 20 of node 10 is created.
2024-10-10 21:55:54,928 - avl_tree.AVLTree - INFO - Right child node 30 of node 20 is created.
2024-10-10 21:55:54,928 - avl_tree.AVLTree - INFO - Right child node 30 of node 20 is created.
2024-10-10 21:55:54,928 - avl_tree.AVLTree - INFO - Node 10 has a balance factor of -2.
2024-10-10 21:55:54,928 - avl_tree.AVLTree - INFO - Node 10 has a balance factor of -2.
2024-10-10 21:55:54,928 - avl_tree.AVLTree - INFO - Node 10 requires left rotation.
2024-10-10 21:55:54,928 - avl_tree.AVLTree - INFO - Node 10 requires left rotation.
2024-10-10 21:55:54,928 - avl_tree.AVLTree - INFO - Rotating...
2024-10-10 21:55:54,928 - avl_tree.AVLTree - INFO - Rotating...
2024-10-10 21:55:54,928 - avl_tree.AVLTree - INFO - Rotated left at node 10.
2024-10-10 21:55:54,928 - avl_tree.AVLTree - INFO - Rotated left at node 10.
2024-10-10 21:56:01,199 - avl_tree.AVLTree - INFO - Creating AVL tree...
2024-10-10 21:56:01,199 - avl_tree.AVLTree - INFO - Origin node 10 is created.
2024-10-10 21:56:01,199 - avl_tree.AVLTree - INFO - Left child node 8 of node 10 is created.
2024-10-10 21:56:01,199 - avl_tree.AVLTree - INFO - Left child node 6 of node 8 is created.
2024-10-10 21:56:01,199 - avl_tree.AVLTree - INFO - Node 10 has a balance factor of 2.
2024-10-10 21:56:01,199 - avl_tree.AVLTree - INFO - Node 10 requires right rotation.
2024-10-10 21:56:01,199 - avl_tree.AVLTree - INFO - Rotating...
2024-10-10 21:56:01,199 - avl_tree.AVLTree - INFO - Rotated right at node 10.
2024-10-10 21:56:01,199 - avl_tree.AVLTree - INFO - Right child node 20 of node 10 is created.
2024-10-10 21:56:01,199 - avl_tree.AVLTree - INFO - Right child node 30 of node 20 is created.
2024-10-10 21:56:01,199 - avl_tree.AVLTree - INFO - Node 10 has a balance factor of -2.
2024-10-10 21:56:01,199 - avl_tree.AVLTree - INFO - Node 10 requires left rotation.
2024-10-10 21:56:01,199 - avl_tree.AVLTree - INFO - Rotating...
2024-10-10 21:56:01,199 - avl_tree.AVLTree - INFO - Rotated left at node 10.
2024-10-10 21:56:01,199 - avl_tree.AVLTree - INFO - Left child node 5 of node 6 is created.
2024-10-10 21:56:01,206 - avl_tree.AVLTree - INFO - Creating AVL tree...
2024-10-10 21:56:01,206 - avl_tree.AVLTree - INFO - Creating AVL tree...
2024-10-10 21:56:01,206 - avl_tree.AVLTree - INFO - Origin node 8 is created.
2024-10-10 21:56:01,206 - avl_tree.AVLTree - INFO - Origin node 8 is created.
2024-10-10 21:56:01,206 - avl_tree.AVLTree - INFO - Left child node 6 of node 8 is created.
2024-10-10 21:56:01,206 - avl_tree.AVLTree - INFO - Left child node 6 of node 8 is created.
2024-10-10 21:56:01,206 - avl_tree.AVLTree - INFO - Left child node 5 of node 6 is created.
2024-10-10 21:56:01,206 - avl_tree.AVLTree - INFO - Left child node 5 of node 6 is created.
2024-10-10 21:56:01,206 - avl_tree.AVLTree - INFO - Node 8 has a balance factor of 2.
2024-10-10 21:56:01,206 - avl_tree.AVLTree - INFO - Node 8 has a balance factor of 2.
2024-10-10 21:56:01,206 - avl_tree.AVLTree - INFO - Node 8 requires right rotation.
2024-10-10 21:56:01,206 - avl_tree.AVLTree - INFO - Node 8 requires right rotation.
2024-10-10 21:56:01,206 - avl_tree.AVLTree - INFO - Rotating...
2024-10-10 21:56:01,206 - avl_tree.AVLTree - INFO - Rotating...
2024-10-10 21:56:01,206 - avl_tree.AVLTree - INFO - Rotated right at node 8.
2024-10-10 21:56:01,206 - avl_tree.AVLTree - INFO - Rotated right at node 8.
2024-10-10 21:56:01,207 - avl_tree.AVLTree - INFO - Right child node 20 of node 8 is created.
2024-10-10 21:56:01,207 - avl_tree.AVLTree - INFO - Right child node 20 of node 8 is created.
2024-10-10 21:56:01,207 - avl_tree.AVLTree - INFO - Left child node 10 of node 20 is created.
2024-10-10 21:56:01,207 - avl_tree.AVLTree - INFO - Left child node 10 of node 20 is created.
2024-10-10 21:56:01,207 - avl_tree.AVLTree - INFO - Node 8 has a balance factor of -2.
2024-10-10 21:56:01,207 - avl_tree.AVLTree - INFO - Node 8 has a balance factor of -2.
2024-10-10 21:56:01,207 - avl_tree.AVLTree - INFO - Node 20 requires right rotation.
2024-10-10 21:56:01,207 - avl_tree.AVLTree - INFO - Node 20 requires right rotation.
2024-10-10 21:56:01,207 - avl_tree.AVLTree - INFO - Rotating...
2024-10-10 21:56:01,207 - avl_tree.AVLTree - INFO - Rotating...
2024-10-10 21:56:01,207 - avl_tree.AVLTree - INFO - Rotated right at node 20.
2024-10-10 21:56:01,207 - avl_tree.AVLTree - INFO - Rotated right at node 20.
2024-10-10 21:56:01,207 - avl_tree.AVLTree - INFO - Node 8 requires left rotation.
2024-10-10 21:56:01,207 - avl_tree.AVLTree - INFO - Node 8 requires left rotation.
2024-10-10 21:56:01,207 - avl_tree.AVLTree - INFO - Rotating...
2024-10-10 21:56:01,207 - avl_tree.AVLTree - INFO - Rotating...
2024-10-10 21:56:01,207 - avl_tree.AVLTree - INFO - Rotated left at node 8.
2024-10-10 21:56:01,207 - avl_tree.AVLTree - INFO - Rotated left at node 8.
2024-10-10 21:56:01,207 - avl_tree.AVLTree - INFO - Right child node 30 of node 20 is created.
2024-10-10 21:56:01,207 - avl_tree.AVLTree - INFO - Right child node 30 of node 20 is created.
2024-10-10 21:56:01,207 - avl_tree.AVLTree - INFO - Node 6 has a balance factor of -2.
2024-10-10 21:56:01,207 - avl_tree.AVLTree - INFO - Node 6 has a balance factor of -2.
2024-10-10 21:56:01,207 - avl_tree.AVLTree - INFO - Node 6 requires left rotation.
2024-10-10 21:56:01,207 - avl_tree.AVLTree - INFO - Node 6 requires left rotation.
2024-10-10 21:56:01,207 - avl_tree.AVLTree - INFO - Rotating...
2024-10-10 21:56:01,207 - avl_tree.AVLTree - INFO - Rotating...
2024-10-10 21:56:01,207 - avl_tree.AVLTree - INFO - Rotated left at node 6.
2024-10-10 21:56:01,207 - avl_tree.AVLTree - INFO - Rotated left at node 6.
2024-10-10 21:56:05,944 - avl_tree.AVLTree - INFO - Creating AVL tree...
2024-10-10 21:56:05,944 - avl_tree.AVLTree - INFO - Origin node 8 is created.
2024-10-10 21:56:05,944 - avl_tree.AVLTree - INFO - Left child node 6 of node 8 is created.
2024-10-10 21:56:05,944 - avl_tree.AVLTree - INFO - Left child node 5 of node 6 is created.
2024-10-10 21:56:05,944 - avl_tree.AVLTree - INFO - Node 8 has a balance factor of 2.
2024-10-10 21:56:05,944 - avl_tree.AVLTree - INFO - Node 8 requires right rotation.
2024-10-10 21:56:05,944 - avl_tree.AVLTree - INFO - Rotating...
2024-10-10 21:56:05,944 - avl_tree.AVLTree - INFO - Rotated right at node 8.
2024-10-10 21:56:05,944 - avl_tree.AVLTree - INFO - Right child node 20 of node 8 is created.
2024-10-10 21:56:05,944 - avl_tree.AVLTree - INFO - Left child node 10 of node 20 is created.
2024-10-10 21:56:05,944 - avl_tree.AVLTree - INFO - Node 8 has a balance factor of -2.
2024-10-10 21:56:05,944 - avl_tree.AVLTree - INFO - Node 20 requires right rotation.
2024-10-10 21:56:05,944 - avl_tree.AVLTree - INFO - Rotating...
2024-10-10 21:56:05,944 - avl_tree.AVLTree - INFO - Rotated right at node 20.
2024-10-10 21:56:05,944 - avl_tree.AVLTree - INFO - Node 8 requires left rotation.
2024-10-10 21:56:05,944 - avl_tree.AVLTree - INFO - Rotating...
2024-10-10 21:56:05,944 - avl_tree.AVLTree - INFO - Rotated left at node 8.
2024-10-10 21:56:05,944 - avl_tree.AVLTree - INFO - Right child node 30 of node 20 is created.
2024-10-10 21:56:05,944 - avl_tree.AVLTree - INFO - Node 6 has a balance factor of -2.
2024-10-10 21:56:05,944 - avl_tree.AVLTree - INFO - Node 6 requires left rotation.
2024-10-10 21:56:05,944 - avl_tree.AVLTree - INFO - Rotating...
2024-10-10 21:56:05,944 - avl_tree.AVLTree - INFO - Rotated left at node 6.
2024-10-10 21:56:05,944 - avl_tree.AVLTree - INFO - Left child node 4 of node 5 is created.
2024-10-10 21:56:05,952 - avl_tree.AVLTree - INFO - Creating AVL tree...
2024-10-10 21:56:05,952 - avl_tree.AVLTree - INFO - Creating AVL tree...
2024-10-10 21:56:05,952 - avl_tree.AVLTree - INFO - Origin node 10 is created.
2024-10-10 21:56:05,952 - avl_tree.AVLTree - INFO - Origin node 10 is created.
2024-10-10 21:56:05,953 - avl_tree.AVLTree - INFO - Left child node 6 of node 10 is created.
2024-10-10 21:56:05,953 - avl_tree.AVLTree - INFO - Left child node 6 of node 10 is created.
2024-10-10 21:56:05,953 - avl_tree.AVLTree - INFO - Left child node 5 of node 6 is created.
2024-10-10 21:56:05,953 - avl_tree.AVLTree - INFO - Left child node 5 of node 6 is created.
2024-10-10 21:56:05,953 - avl_tree.AVLTree - INFO - Node 10 has a balance factor of 2.
2024-10-10 21:56:05,953 - avl_tree.AVLTree - INFO - Node 10 has a balance factor of 2.
2024-10-10 21:56:05,953 - avl_tree.AVLTree - INFO - Node 10 requires right rotation.
2024-10-10 21:56:05,953 - avl_tree.AVLTree - INFO - Node 10 requires right rotation.
2024-10-10 21:56:05,953 - avl_tree.AVLTree - INFO - Rotating...
2024-10-10 21:56:05,953 - avl_tree.AVLTree - INFO - Rotating...
2024-10-10 21:56:05,953 - avl_tree.AVLTree - INFO - Rotated right at node 10.
2024-10-10 21:56:05,953 - avl_tree.AVLTree - INFO - Rotated right at node 10.
2024-10-10 21:56:05,953 - avl_tree.AVLTree - INFO - Left child node 4 of node 5 is created.
2024-10-10 21:56:05,953 - avl_tree.AVLTree - INFO - Left child node 4 of node 5 is created.
2024-10-10 21:56:05,953 - avl_tree.AVLTree - INFO - Left child node 8 of node 10 is created.
2024-10-10 21:56:05,953 - avl_tree.AVLTree - INFO - Left child node 8 of node 10 is created.
2024-10-10 21:56:05,953 - avl_tree.AVLTree - INFO - Right child node 20 of node 10 is created.
2024-10-10 21:56:05,953 - avl_tree.AVLTree - INFO - Right child node 20 of node 10 is created.
2024-10-10 21:56:05,953 - avl_tree.AVLTree - INFO - Right child node 30 of node 20 is created.
2024-10-10 21:56:05,953 - avl_tree.AVLTree - INFO - Right child node 30 of node 20 is created.
2024-10-10 21:56:18,764 - avl_tree.AVLTree - INFO - Creating AVL tree...
2024-10-10 21:56:18,765 - avl_tree.AVLTree - INFO - Origin node 10 is created.
2024-10-10 21:56:18,765 - avl_tree.AVLTree - INFO - Left child node 6 of node 10 is created.
2024-10-10 21:56:18,765 - avl_tree.AVLTree - INFO - Left child node 5 of node 6 is created.
2024-10-10 21:56:18,765 - avl_tree.AVLTree - INFO - Node 10 has a balance factor of 2.
2024-10-10 21:56:18,765 - avl_tree.AVLTree - INFO - Node 10 requires right rotation.
2024-10-10 21:56:18,765 - avl_tree.AVLTree - INFO - Rotating...
2024-10-10 21:56:18,765 - avl_tree.AVLTree - INFO - Rotated right at node 10.
2024-10-10 21:56:18,765 - avl_tree.AVLTree - INFO - Left child node 4 of node 5 is created.
2024-10-10 21:56:18,765 - avl_tree.AVLTree - INFO - Left child node 8 of node 10 is created.
2024-10-10 21:56:18,765 - avl_tree.AVLTree - INFO - Right child node 20 of node 10 is created.
2024-10-10 21:56:18,765 - avl_tree.AVLTree - INFO - Right child node 30 of node 20 is created.
2024-10-10 21:56:18,765 - avl_tree.AVLTree - INFO - Left child node 7 of node 8 is created.
2024-10-10 21:56:18,772 - avl_tree.AVLTree - INFO - Creating AVL tree...
2024-10-10 21:56:18,772 - avl_tree.AVLTree - INFO - Creating AVL tree...
2024-10-10 21:56:18,772 - avl_tree.AVLTree - INFO - Origin node 6 is created.
2024-10-10 21:56:18,772 - avl_tree.AVLTree - INFO - Origin node 6 is created.
2024-10-10 21:56:18,772 - avl_tree.AVLTree - INFO - Left child node 5 of node 6 is created.
2024-10-10 21:56:18,772 - avl_tree.AVLTree - INFO - Left child node 5 of node 6 is created.
2024-10-10 21:56:18,772 - avl_tree.AVLTree - INFO - Left child node 4 of node 5 is created.
2024-10-10 21:56:18,772 - avl_tree.AVLTree - INFO - Left child node 4 of node 5 is created.
2024-10-10 21:56:18,772 - avl_tree.AVLTree - INFO - Node 6 has a balance factor of 2.
2024-10-10 21:56:18,772 - avl_tree.AVLTree - INFO - Node 6 has a balance factor of 2.
2024-10-10 21:56:18,772 - avl_tree.AVLTree - INFO - Node 6 requires right rotation.
2024-10-10 21:56:18,772 - avl_tree.AVLTree - INFO - Node 6 requires right rotation.
2024-10-10 21:56:18,772 - avl_tree.AVLTree - INFO - Rotating...
2024-10-10 21:56:18,772 - avl_tree.AVLTree - INFO - Rotating...
2024-10-10 21:56:18,772 - avl_tree.AVLTree - INFO - Rotated right at node 6.
2024-10-10 21:56:18,772 - avl_tree.AVLTree - INFO - Rotated right at node 6.
2024-10-10 21:56:18,772 - avl_tree.AVLTree - INFO - Right child node 10 of node 6 is created.
2024-10-10 21:56:18,772 - avl_tree.AVLTree - INFO - Right child node 10 of node 6 is created.
2024-10-10 21:56:18,772 - avl_tree.AVLTree - INFO - Left child node 8 of node 10 is created.
2024-10-10 21:56:18,772 - avl_tree.AVLTree - INFO - Left child node 8 of node 10 is created.
2024-10-10 21:56:18,772 - avl_tree.AVLTree - INFO - Node 6 has a balance factor of -2.
2024-10-10 21:56:18,772 - avl_tree.AVLTree - INFO - Node 6 has a balance factor of -2.
2024-10-10 21:56:18,772 - avl_tree.AVLTree - INFO - Node 10 requires right rotation.
2024-10-10 21:56:18,772 - avl_tree.AVLTree - INFO - Node 10 requires right rotation.
2024-10-10 21:56:18,772 - avl_tree.AVLTree - INFO - Rotating...
2024-10-10 21:56:18,772 - avl_tree.AVLTree - INFO - Rotating...
2024-10-10 21:56:18,772 - avl_tree.AVLTree - INFO - Rotated right at node 10.
2024-10-10 21:56:18,772 - avl_tree.AVLTree - INFO - Rotated right at node 10.
2024-10-10 21:56:18,772 - avl_tree.AVLTree - INFO - Node 6 requires left rotation.
2024-10-10 21:56:18,772 - avl_tree.AVLTree - INFO - Node 6 requires left rotation.
2024-10-10 21:56:18,772 - avl_tree.AVLTree - INFO - Rotating...
2024-10-10 21:56:18,772 - avl_tree.AVLTree - INFO - Rotating...
2024-10-10 21:56:18,772 - avl_tree.AVLTree - INFO - Rotated left at node 6.
2024-10-10 21:56:18,772 - avl_tree.AVLTree - INFO - Rotated left at node 6.
2024-10-10 21:56:18,772 - avl_tree.AVLTree - INFO - Right child node 7 of node 6 is created.
2024-10-10 21:56:18,772 - avl_tree.AVLTree - INFO - Right child node 7 of node 6 is created.
2024-10-10 21:56:18,772 - avl_tree.AVLTree - INFO - Node 5 has a balance factor of -2.
2024-10-10 21:56:18,772 - avl_tree.AVLTree - INFO - Node 5 has a balance factor of -2.
2024-10-10 21:56:18,772 - avl_tree.AVLTree - INFO - Node 8 requires right rotation.
2024-10-10 21:56:18,772 - avl_tree.AVLTree - INFO - Node 8 requires right rotation.
2024-10-10 21:56:18,772 - avl_tree.AVLTree - INFO - Rotating...
2024-10-10 21:56:18,772 - avl_tree.AVLTree - INFO - Rotating...
2024-10-10 21:56:18,773 - avl_tree.AVLTree - INFO - Rotated right at node 8.
2024-10-10 21:56:18,773 - avl_tree.AVLTree - INFO - Rotated right at node 8.
2024-10-10 21:56:18,773 - avl_tree.AVLTree - INFO - Node 5 requires left rotation.
2024-10-10 21:56:18,773 - avl_tree.AVLTree - INFO - Node 5 requires left rotation.
2024-10-10 21:56:18,773 - avl_tree.AVLTree - INFO - Rotating...
2024-10-10 21:56:18,773 - avl_tree.AVLTree - INFO - Rotating...
2024-10-10 21:56:18,773 - avl_tree.AVLTree - INFO - Rotated left at node 5.
2024-10-10 21:56:18,773 - avl_tree.AVLTree - INFO - Rotated left at node 5.
2024-10-10 21:56:18,773 - avl_tree.AVLTree - INFO - Right child node 20 of node 10 is created.
2024-10-10 21:56:18,773 - avl_tree.AVLTree - INFO - Right child node 20 of node 10 is created.
2024-10-10 21:56:18,773 - avl_tree.AVLTree - INFO - Right child node 30 of node 20 is created.
2024-10-10 21:56:18,773 - avl_tree.AVLTree - INFO - Right child node 30 of node 20 is created.
2024-10-10 21:56:18,773 - avl_tree.AVLTree - INFO - Node 10 has a balance factor of -2.
2024-10-10 21:56:18,773 - avl_tree.AVLTree - INFO - Node 10 has a balance factor of -2.
2024-10-10 21:56:18,773 - avl_tree.AVLTree - INFO - Node 10 requires left rotation.
2024-10-10 21:56:18,773 - avl_tree.AVLTree - INFO - Node 10 requires left rotation.
2024-10-10 21:56:18,773 - avl_tree.AVLTree - INFO - Rotating...
2024-10-10 21:56:18,773 - avl_tree.AVLTree - INFO - Rotating...
2024-10-10 21:56:18,773 - avl_tree.AVLTree - INFO - Rotated left at node 10.
2024-10-10 21:56:18,773 - avl_tree.AVLTree - INFO - Rotated left at node 10.
2024-10-10 21:56:45,139 - avl_tree.AVLTree - INFO - Creating AVL tree...
2024-10-10 21:56:45,140 - avl_tree.AVLTree - INFO - Origin node 6 is created.
2024-10-10 21:56:45,140 - avl_tree.AVLTree - INFO - Left child node 5 of node 6 is created.
2024-10-10 21:56:45,140 - avl_tree.AVLTree - INFO - Left child node 4 of node 5 is created.
2024-10-10 21:56:45,140 - avl_tree.AVLTree - INFO - Node 6 has a balance factor of 2.
2024-10-10 21:56:45,140 - avl_tree.AVLTree - INFO - Node 6 requires right rotation.
2024-10-10 21:56:45,140 - avl_tree.AVLTree - INFO - Rotating...
2024-10-10 21:56:45,140 - avl_tree.AVLTree - INFO - Rotated right at node 6.
2024-10-10 21:56:45,140 - avl_tree.AVLTree - INFO - Right child node 10 of node 6 is created.
2024-10-10 21:56:45,140 - avl_tree.AVLTree - INFO - Left child node 8 of node 10 is created.
2024-10-10 21:56:45,140 - avl_tree.AVLTree - INFO - Node 6 has a balance factor of -2.
2024-10-10 21:56:45,140 - avl_tree.AVLTree - INFO - Node 10 requires right rotation.
2024-10-10 21:56:45,140 - avl_tree.AVLTree - INFO - Rotating...
2024-10-10 21:56:45,140 - avl_tree.AVLTree - INFO - Rotated right at node 10.
2024-10-10 21:56:45,140 - avl_tree.AVLTree - INFO - Node 6 requires left rotation.
2024-10-10 21:56:45,140 - avl_tree.AVLTree - INFO - Rotating...
2024-10-10 21:56:45,140 - avl_tree.AVLTree - INFO - Rotated left at node 6.
2024-10-10 21:56:45,140 - avl_tree.AVLTree - INFO - Right child node 7 of node 6 is created.
2024-10-10 21:56:45,140 - avl_tree.AVLTree - INFO - Node 5 has a balance factor of -2.
2024-10-10 21:56:45,140 - avl_tree.AVLTree - INFO - Node 8 requires right rotation.
2024-10-10 21:56:45,140 - avl_tree.AVLTree - INFO - Rotating...
2024-10-10 21:56:45,140 - avl_tree.AVLTree - INFO - Rotated right at node 8.
2024-10-10 21:56:45,140 - avl_tree.AVLTree - INFO - Node 5 requires left rotation.
2024-10-10 21:56:45,140 - avl_tree.AVLTree - INFO - Rotating...
2024-10-10 21:56:45,140 - avl_tree.AVLTree - INFO - Rotated left at node 5.
2024-10-10 21:56:45,140 - avl_tree.AVLTree - INFO - Right child node 20 of node 10 is created.
2024-10-10 21:56:45,140 - avl_tree.AVLTree - INFO - Right child node 30 of node 20 is created.
2024-10-10 21:56:45,140 - avl_tree.AVLTree - INFO - Node 10 has a balance factor of -2.
2024-10-10 21:56:45,140 - avl_tree.AVLTree - INFO - Node 10 requires left rotation.
2024-10-10 21:56:45,140 - avl_tree.AVLTree - INFO - Rotating...
2024-10-10 21:56:45,140 - avl_tree.AVLTree - INFO - Rotated left at node 10.
2024-10-10 21:56:45,140 - avl_tree.AVLTree - INFO - Left child node 3 of node 4 is created.
2024-10-10 21:56:45,140 - avl_tree.AVLTree - INFO - Node 5 has a balance factor of 2.
2024-10-10 21:56:45,140 - avl_tree.AVLTree - INFO - Node 5 requires right rotation.
2024-10-10 21:56:45,140 - avl_tree.AVLTree - INFO - Rotating...
2024-10-10 21:56:45,140 - avl_tree.AVLTree - INFO - Rotated right at node 5.
2024-10-10 21:56:45,145 - avl_tree.AVLTree - INFO - Creating AVL tree...
2024-10-10 21:56:45,145 - avl_tree.AVLTree - INFO - Creating AVL tree...
2024-10-10 21:56:45,145 - avl_tree.AVLTree - INFO - Origin node 6 is created.
2024-10-10 21:56:45,145 - avl_tree.AVLTree - INFO - Origin node 6 is created.
2024-10-10 21:56:45,145 - avl_tree.AVLTree - INFO - Left child node 4 of node 6 is created.
2024-10-10 21:56:45,145 - avl_tree.AVLTree - INFO - Left child node 4 of node 6 is created.
2024-10-10 21:56:45,145 - avl_tree.AVLTree - INFO - Left child node 3 of node 4 is created.
2024-10-10 21:56:45,145 - avl_tree.AVLTree - INFO - Left child node 3 of node 4 is created.
2024-10-10 21:56:45,145 - avl_tree.AVLTree - INFO - Node 6 has a balance factor of 2.
2024-10-10 21:56:45,145 - avl_tree.AVLTree - INFO - Node 6 has a balance factor of 2.
2024-10-10 21:56:45,145 - avl_tree.AVLTree - INFO - Node 6 requires right rotation.
2024-10-10 21:56:45,145 - avl_tree.AVLTree - INFO - Node 6 requires right rotation.
2024-10-10 21:56:45,145 - avl_tree.AVLTree - INFO - Rotating...
2024-10-10 21:56:45,145 - avl_tree.AVLTree - INFO - Rotating...
2024-10-10 21:56:45,145 - avl_tree.AVLTree - INFO - Rotated right at node 6.
2024-10-10 21:56:45,145 - avl_tree.AVLTree - INFO - Rotated right at node 6.
2024-10-10 21:56:45,145 - avl_tree.AVLTree - INFO - Left child node 5 of node 6 is created.
2024-10-10 21:56:45,145 - avl_tree.AVLTree - INFO - Left child node 5 of node 6 is created.
2024-10-10 21:56:45,145 - avl_tree.AVLTree - INFO - Right child node 8 of node 6 is created.
2024-10-10 21:56:45,145 - avl_tree.AVLTree - INFO - Right child node 8 of node 6 is created.
2024-10-10 21:56:45,145 - avl_tree.AVLTree - INFO - Left child node 7 of node 8 is created.
2024-10-10 21:56:45,145 - avl_tree.AVLTree - INFO - Left child node 7 of node 8 is created.
2024-10-10 21:56:45,145 - avl_tree.AVLTree - INFO - Node 4 has a balance factor of -2.
2024-10-10 21:56:45,145 - avl_tree.AVLTree - INFO - Node 4 has a balance factor of -2.
2024-10-10 21:56:45,147 - avl_tree.AVLTree - INFO - Node 4 requires left rotation.
2024-10-10 21:56:45,147 - avl_tree.AVLTree - INFO - Node 4 requires left rotation.
2024-10-10 21:56:45,147 - avl_tree.AVLTree - INFO - Rotating...
2024-10-10 21:56:45,147 - avl_tree.AVLTree - INFO - Rotating...
2024-10-10 21:56:45,147 - avl_tree.AVLTree - INFO - Rotated left at node 4.
2024-10-10 21:56:45,147 - avl_tree.AVLTree - INFO - Rotated left at node 4.
2024-10-10 21:56:45,147 - avl_tree.AVLTree - INFO - Right child node 20 of node 8 is created.
2024-10-10 21:56:45,147 - avl_tree.AVLTree - INFO - Right child node 20 of node 8 is created.
2024-10-10 21:56:45,147 - avl_tree.AVLTree - INFO - Left child node 10 of node 20 is created.
2024-10-10 21:56:45,147 - avl_tree.AVLTree - INFO - Left child node 10 of node 20 is created.
2024-10-10 21:56:45,147 - avl_tree.AVLTree - INFO - Right child node 30 of node 20 is created.
2024-10-10 21:56:45,147 - avl_tree.AVLTree - INFO - Right child node 30 of node 20 is created.
2024-10-10 21:57:03,260 - avl_tree.AVLTree - INFO - Creating AVL tree...
2024-10-10 21:57:03,260 - avl_tree.AVLTree - INFO - Origin node 6 is created.
2024-10-10 21:57:03,260 - avl_tree.AVLTree - INFO - Left child node 4 of node 6 is created.
2024-10-10 21:57:03,261 - avl_tree.AVLTree - INFO - Left child node 3 of node 4 is created.
2024-10-10 21:57:03,261 - avl_tree.AVLTree - INFO - Node 6 has a balance factor of 2.
2024-10-10 21:57:03,261 - avl_tree.AVLTree - INFO - Node 6 requires right rotation.
2024-10-10 21:57:03,261 - avl_tree.AVLTree - INFO - Rotating...
2024-10-10 21:57:03,261 - avl_tree.AVLTree - INFO - Rotated right at node 6.
2024-10-10 21:57:03,261 - avl_tree.AVLTree - INFO - Left child node 5 of node 6 is created.
2024-10-10 21:57:03,261 - avl_tree.AVLTree - INFO - Right child node 8 of node 6 is created.
2024-10-10 21:57:03,261 - avl_tree.AVLTree - INFO - Left child node 7 of node 8 is created.
2024-10-10 21:57:03,261 - avl_tree.AVLTree - INFO - Node 4 has a balance factor of -2.
2024-10-10 21:57:03,261 - avl_tree.AVLTree - INFO - Node 4 requires left rotation.
2024-10-10 21:57:03,261 - avl_tree.AVLTree - INFO - Rotating...
2024-10-10 21:57:03,261 - avl_tree.AVLTree - INFO - Rotated left at node 4.
2024-10-10 21:57:03,261 - avl_tree.AVLTree - INFO - Right child node 20 of node 8 is created.
2024-10-10 21:57:03,261 - avl_tree.AVLTree - INFO - Left child node 10 of node 20 is created.
2024-10-10 21:57:03,261 - avl_tree.AVLTree - INFO - Right child node 30 of node 20 is created.
2024-10-10 21:59:12,207 - avl_tree.AVLTree - INFO - Creating AVL tree...
2024-10-10 21:59:12,207 - avl_tree.AVLTree - INFO - Origin node 42 is created.
2024-10-10 21:59:12,207 - avl_tree.AVLTree - INFO - Left child node 15 of node 42 is created.
2024-10-10 21:59:12,207 - avl_tree.AVLTree - INFO - Left child node 7 of node 15 is created.
2024-10-10 21:59:12,207 - avl_tree.AVLTree - INFO - Node 42 has a balance factor of 2.
2024-10-10 21:59:12,207 - avl_tree.AVLTree - INFO - Node 42 requires right rotation.
2024-10-10 21:59:12,207 - avl_tree.AVLTree - INFO - Rotating...
2024-10-10 21:59:12,207 - avl_tree.AVLTree - INFO - Rotated right at node 42.
2024-10-10 21:59:12,207 - avl_tree.AVLTree - INFO - Left child node 23 of node 42 is created.
2024-10-10 21:59:12,207 - avl_tree.AVLTree - INFO - Right child node 34 of node 23 is created.
2024-10-10 21:59:12,207 - avl_tree.AVLTree - INFO - Node 42 has a balance factor of 2.
2024-10-10 21:59:12,207 - avl_tree.AVLTree - INFO - Node 23 requires left rotation.
2024-10-10 21:59:12,207 - avl_tree.AVLTree - INFO - Rotating...
2024-10-10 21:59:12,207 - avl_tree.AVLTree - INFO - Rotated left at node 23.
2024-10-10 21:59:12,207 - avl_tree.AVLTree - INFO - Node 42 requires right rotation.
2024-10-10 21:59:12,207 - avl_tree.AVLTree - INFO - Rotating...
2024-10-10 21:59:12,207 - avl_tree.AVLTree - INFO - Rotated right at node 42.
2024-10-10 21:59:12,207 - avl_tree.AVLTree - INFO - Right child node 86 of node 42 is created.
2024-10-10 21:59:12,207 - avl_tree.AVLTree - INFO - Node 15 has a balance factor of -2.
2024-10-10 21:59:12,207 - avl_tree.AVLTree - INFO - Node 15 requires left rotation.
2024-10-10 21:59:12,207 - avl_tree.AVLTree - INFO - Rotating...
2024-10-10 21:59:12,207 - avl_tree.AVLTree - INFO - Rotated left at node 15.
2024-10-10 21:59:12,207 - avl_tree.AVLTree - INFO - Right child node 91 of node 86 is created.
2024-10-10 21:59:12,207 - avl_tree.AVLTree - INFO - Node 42 has a balance factor of -2.
2024-10-10 21:59:12,207 - avl_tree.AVLTree - INFO - Node 42 requires left rotation.
2024-10-10 21:59:12,207 - avl_tree.AVLTree - INFO - Rotating...
2024-10-10 21:59:12,207 - avl_tree.AVLTree - INFO - Rotated left at node 42.
2024-10-10 21:59:17,756 - avl_tree.AVLTree - INFO - Creating AVL tree...
2024-10-10 21:59:17,756 - avl_tree.AVLTree - INFO - Origin node 6 is created.
2024-10-10 21:59:17,756 - avl_tree.AVLTree - INFO - Left child node 4 of node 6 is created.
2024-10-10 21:59:17,756 - avl_tree.AVLTree - INFO - Left child node 3 of node 4 is created.
2024-10-10 21:59:17,756 - avl_tree.AVLTree - INFO - Node 6 has a balance factor of 2.
2024-10-10 21:59:17,756 - avl_tree.AVLTree - INFO - Node 6 requires right rotation.
2024-10-10 21:59:17,756 - avl_tree.AVLTree - INFO - Rotating...
2024-10-10 21:59:17,756 - avl_tree.AVLTree - INFO - Rotated right at node 6.
2024-10-10 21:59:17,756 - avl_tree.AVLTree - INFO - Left child node 5 of node 6 is created.
2024-10-10 21:59:17,756 - avl_tree.AVLTree - INFO - Right child node 8 of node 6 is created.
2024-10-10 21:59:17,756 - avl_tree.AVLTree - INFO - Left child node 7 of node 8 is created.
2024-10-10 21:59:17,756 - avl_tree.AVLTree - INFO - Node 4 has a balance factor of -2.
2024-10-10 21:59:17,756 - avl_tree.AVLTree - INFO - Node 4 requires left rotation.
2024-10-10 21:59:17,756 - avl_tree.AVLTree - INFO - Rotating...
2024-10-10 21:59:17,756 - avl_tree.AVLTree - INFO - Rotated left at node 4.
2024-10-10 21:59:17,756 - avl_tree.AVLTree - INFO - Right child node 20 of node 8 is created.
2024-10-10 21:59:17,756 - avl_tree.AVLTree - INFO - Left child node 10 of node 20 is created.
2024-10-10 21:59:17,756 - avl_tree.AVLTree - INFO - Right child node 30 of node 20 is created.
2024-10-10 22:01:56,881 - avl_tree.AVLTree - INFO - Creating AVL tree...
2024-10-10 22:01:56,881 - avl_tree.AVLTree - INFO - Origin node 42 is created.
2024-10-10 22:01:56,881 - avl_tree.AVLTree - INFO - Left child node 15 of node 42 is created.
2024-10-10 22:01:56,881 - avl_tree.AVLTree - INFO - Left child node 7 of node 15 is created.
2024-10-10 22:01:56,881 - avl_tree.AVLTree - INFO - Node 42 has a balance factor of 2.
2024-10-10 22:01:56,881 - avl_tree.AVLTree - INFO - Node 42 requires right rotation.
2024-10-10 22:01:56,881 - avl_tree.AVLTree - INFO - Rotating...
2024-10-10 22:01:56,881 - avl_tree.AVLTree - INFO - Rotated right at node 42.
2024-10-10 22:01:56,881 - avl_tree.AVLTree - INFO - Left child node 23 of node 42 is created.
2024-10-10 22:01:56,881 - avl_tree.AVLTree - INFO - Right child node 34 of node 23 is created.
2024-10-10 22:01:56,881 - avl_tree.AVLTree - INFO - Node 42 has a balance factor of 2.
2024-10-10 22:01:56,881 - avl_tree.AVLTree - INFO - Node 23 requires left rotation.
2024-10-10 22:01:56,881 - avl_tree.AVLTree - INFO - Rotating...
2024-10-10 22:01:56,881 - avl_tree.AVLTree - INFO - Rotated left at node 23.
2024-10-10 22:01:56,881 - avl_tree.AVLTree - INFO - Node 42 requires right rotation.
2024-10-10 22:01:56,881 - avl_tree.AVLTree - INFO - Rotating...
2024-10-10 22:01:56,881 - avl_tree.AVLTree - INFO - Rotated right at node 42.
2024-10-10 22:01:56,881 - avl_tree.AVLTree - INFO - Right child node 86 of node 42 is created.
2024-10-10 22:01:56,881 - avl_tree.AVLTree - INFO - Node 15 has a balance factor of -2.
2024-10-10 22:01:56,881 - avl_tree.AVLTree - INFO - Node 15 requires left rotation.
2024-10-10 22:01:56,881 - avl_tree.AVLTree - INFO - Rotating...
2024-10-10 22:01:56,881 - avl_tree.AVLTree - INFO - Rotated left at node 15.
2024-10-10 22:01:56,881 - avl_tree.AVLTree - INFO - Right child node 91 of node 86 is created.
2024-10-10 22:01:56,881 - avl_tree.AVLTree - INFO - Node 42 has a balance factor of -2.
2024-10-10 22:01:56,881 - avl_tree.AVLTree - INFO - Node 42 requires left rotation.
2024-10-10 22:01:56,881 - avl_tree.AVLTree - INFO - Rotating...
2024-10-10 22:01:56,881 - avl_tree.AVLTree - INFO - Rotated left at node 42.
2024-10-10 22:02:00,101 - avl_tree.AVLTree - INFO - Creating AVL tree...
2024-10-10 22:02:00,101 - avl_tree.AVLTree - INFO - Origin node 6 is created.
2024-10-10 22:02:00,101 - avl_tree.AVLTree - INFO - Left child node 4 of node 6 is created.
2024-10-10 22:02:00,101 - avl_tree.AVLTree - INFO - Left child node 3 of node 4 is created.
2024-10-10 22:02:00,101 - avl_tree.AVLTree - INFO - Node 6 has a balance factor of 2.
2024-10-10 22:02:00,101 - avl_tree.AVLTree - INFO - Node 6 requires right rotation.
2024-10-10 22:02:00,101 - avl_tree.AVLTree - INFO - Rotating...
2024-10-10 22:02:00,101 - avl_tree.AVLTree - INFO - Rotated right at node 6.
2024-10-10 22:02:00,101 - avl_tree.AVLTree - INFO - Left child node 5 of node 6 is created.
2024-10-10 22:02:00,101 - avl_tree.AVLTree - INFO - Right child node 8 of node 6 is created.
2024-10-10 22:02:00,101 - avl_tree.AVLTree - INFO - Left child node 7 of node 8 is created.
2024-10-10 22:02:00,101 - avl_tree.AVLTree - INFO - Node 4 has a balance factor of -2.
2024-10-10 22:02:00,101 - avl_tree.AVLTree - INFO - Node 4 requires left rotation.
2024-10-10 22:02:00,101 - avl_tree.AVLTree - INFO - Rotating...
2024-10-10 22:02:00,101 - avl_tree.AVLTree - INFO - Rotated left at node 4.
2024-10-10 22:02:00,101 - avl_tree.AVLTree - INFO - Right child node 20 of node 8 is created.
2024-10-10 22:02:00,101 - avl_tree.AVLTree - INFO - Left child node 10 of node 20 is created.
2024-10-10 22:02:00,101 - avl_tree.AVLTree - INFO - Right child node 30 of node 20 is created.
2024-10-10 23:17:16,478 - avl_tree.AVLTree - INFO - Creating AVL tree...
2024-10-10 23:17:16,478 - avl_tree.AVLTree - INFO - Origin node 42 is created.
2024-10-10 23:17:16,478 - avl_tree.AVLTree - INFO - Left child node 15 of node 42 is created.
2024-10-10 23:17:16,478 - avl_tree.AVLTree - INFO - Left child node 7 of node 15 is created.
2024-10-10 23:17:16,478 - avl_tree.AVLTree - INFO - Node 42 has a balance factor of 2.
2024-10-10 23:17:16,478 - avl_tree.AVLTree - INFO - Node 42 requires right rotation.
2024-10-10 23:17:16,478 - avl_tree.AVLTree - INFO - Rotating...
2024-10-10 23:17:16,478 - avl_tree.AVLTree - INFO - Rotated right at node 42.
2024-10-10 23:17:16,478 - avl_tree.AVLTree - INFO - Left child node 23 of node 42 is created.
2024-10-10 23:17:16,478 - avl_tree.AVLTree - INFO - Right child node 34 of node 23 is created.
2024-10-10 23:17:16,478 - avl_tree.AVLTree - INFO - Node 42 has a balance factor of 2.
2024-10-10 23:17:16,478 - avl_tree.AVLTree - INFO - Node 23 requires left rotation.
2024-10-10 23:17:16,478 - avl_tree.AVLTree - INFO - Rotating...
2024-10-10 23:17:16,478 - avl_tree.AVLTree - INFO - Rotated left at node 23.
2024-10-10 23:17:16,478 - avl_tree.AVLTree - INFO - Node 42 requires right rotation.
2024-10-10 23:17:16,478 - avl_tree.AVLTree - INFO - Rotating...
2024-10-10 23:17:16,478 - avl_tree.AVLTree - INFO - Rotated right at node 42.
2024-10-10 23:17:16,478 - avl_tree.AVLTree - INFO - Right child node 86 of node 42 is created.
2024-10-10 23:17:16,478 - avl_tree.AVLTree - INFO - Node 15 has a balance factor of -2.
2024-10-10 23:17:16,478 - avl_tree.AVLTree - INFO - Node 15 requires left rotation.
2024-10-10 23:17:16,478 - avl_tree.AVLTree - INFO - Rotating...
2024-10-10 23:17:16,478 - avl_tree.AVLTree - INFO - Rotated left at node 15.
2024-10-10 23:17:16,478 - avl_tree.AVLTree - INFO - Right child node 91 of node 86 is created.
2024-10-10 23:17:16,478 - avl_tree.AVLTree - INFO - Node 42 has a balance factor of -2.
2024-10-10 23:17:16,478 - avl_tree.AVLTree - INFO - Node 42 requires left rotation.
2024-10-10 23:17:16,478 - avl_tree.AVLTree - INFO - Rotating...
2024-10-10 23:17:16,478 - avl_tree.AVLTree - INFO - Rotated left at node 42.
2024-10-10 23:17:20,072 - avl_tree.AVLTree - INFO - Creating AVL tree...
2024-10-10 23:17:20,072 - avl_tree.AVLTree - INFO - Origin node 6 is created.
2024-10-10 23:17:20,072 - avl_tree.AVLTree - INFO - Left child node 4 of node 6 is created.
2024-10-10 23:17:20,072 - avl_tree.AVLTree - INFO - Left child node 3 of node 4 is created.
2024-10-10 23:17:20,072 - avl_tree.AVLTree - INFO - Node 6 has a balance factor of 2.
2024-10-10 23:17:20,072 - avl_tree.AVLTree - INFO - Node 6 requires right rotation.
2024-10-10 23:17:20,072 - avl_tree.AVLTree - INFO - Rotating...
2024-10-10 23:17:20,072 - avl_tree.AVLTree - INFO - Rotated right at node 6.
2024-10-10 23:17:20,072 - avl_tree.AVLTree - INFO - Left child node 5 of node 6 is created.
2024-10-10 23:17:20,072 - avl_tree.AVLTree - INFO - Right child node 8 of node 6 is created.
2024-10-10 23:17:20,072 - avl_tree.AVLTree - INFO - Left child node 7 of node 8 is created.
2024-10-10 23:17:20,072 - avl_tree.AVLTree - INFO - Node 4 has a balance factor of -2.
2024-10-10 23:17:20,072 - avl_tree.AVLTree - INFO - Node 4 requires left rotation.
2024-10-10 23:17:20,072 - avl_tree.AVLTree - INFO - Rotating...
2024-10-10 23:17:20,072 - avl_tree.AVLTree - INFO - Rotated left at node 4.
2024-10-10 23:17:20,072 - avl_tree.AVLTree - INFO - Right child node 20 of node 8 is created.
2024-10-10 23:17:20,072 - avl_tree.AVLTree - INFO - Left child node 10 of node 20 is created.
2024-10-10 23:17:20,072 - avl_tree.AVLTree - INFO - Right child node 30 of node 20 is created.
2024-10-10 23:24:43,804 - avl_tree.AVLTree - INFO - Creating AVL tree...
2024-10-10 23:24:43,804 - avl_tree.AVLTree - INFO - Origin node 42 is created.
2024-10-10 23:24:43,804 - avl_tree.AVLTree - INFO - Left child node 15 of node 42 is created.
2024-10-10 23:24:43,804 - avl_tree.AVLTree - INFO - Left child node 7 of node 15 is created.
2024-10-10 23:24:43,804 - avl_tree.AVLTree - INFO - Node 42 has a balance factor of 2.
2024-10-10 23:24:43,804 - avl_tree.AVLTree - INFO - Node 42 requires right rotation.
2024-10-10 23:24:43,804 - avl_tree.AVLTree - INFO - Rotating...
2024-10-10 23:24:43,804 - avl_tree.AVLTree - INFO - Rotated right at node 42.
2024-10-10 23:24:43,804 - avl_tree.AVLTree - INFO - Left child node 23 of node 42 is created.
2024-10-10 23:24:43,804 - avl_tree.AVLTree - INFO - Right child node 34 of node 23 is created.
2024-10-10 23:24:43,804 - avl_tree.AVLTree - INFO - Node 42 has a balance factor of 2.
2024-10-10 23:24:43,804 - avl_tree.AVLTree - INFO - Node 23 requires left rotation.
2024-10-10 23:24:43,804 - avl_tree.AVLTree - INFO - Rotating...
2024-10-10 23:24:43,804 - avl_tree.AVLTree - INFO - Rotated left at node 23.
2024-10-10 23:24:43,804 - avl_tree.AVLTree - INFO - Node 42 requires right rotation.
2024-10-10 23:24:43,804 - avl_tree.AVLTree - INFO - Rotating...
2024-10-10 23:24:43,804 - avl_tree.AVLTree - INFO - Rotated right at node 42.
2024-10-10 23:24:43,804 - avl_tree.AVLTree - INFO - Right child node 86 of node 42 is created.
2024-10-10 23:24:43,804 - avl_tree.AVLTree - INFO - Node 15 has a balance factor of -2.
2024-10-10 23:24:43,804 - avl_tree.AVLTree - INFO - Node 15 requires left rotation.
2024-10-10 23:24:43,804 - avl_tree.AVLTree - INFO - Rotating...
2024-10-10 23:24:43,804 - avl_tree.AVLTree - INFO - Rotated left at node 15.
2024-10-10 23:24:43,805 - avl_tree.AVLTree - INFO - Right child node 91 of node 86 is created.
2024-10-10 23:24:43,805 - avl_tree.AVLTree - INFO - Node 42 has a balance factor of -2.
2024-10-10 23:24:43,805 - avl_tree.AVLTree - INFO - Node 42 requires left rotation.
2024-10-10 23:24:43,805 - avl_tree.AVLTree - INFO - Rotating...
2024-10-10 23:24:43,805 - avl_tree.AVLTree - INFO - Rotated left at node 42.
2024-10-10 23:24:47,284 - avl_tree.AVLTree - INFO - Creating AVL tree...
2024-10-10 23:24:47,284 - avl_tree.AVLTree - INFO - Origin node 6 is created.
2024-10-10 23:24:47,284 - avl_tree.AVLTree - INFO - Left child node 4 of node 6 is created.
2024-10-10 23:24:47,284 - avl_tree.AVLTree - INFO - Left child node 3 of node 4 is created.
2024-10-10 23:24:47,284 - avl_tree.AVLTree - INFO - Node 6 has a balance factor of 2.
2024-10-10 23:24:47,284 - avl_tree.AVLTree - INFO - Node 6 requires right rotation.
2024-10-10 23:24:47,284 - avl_tree.AVLTree - INFO - Rotating...
2024-10-10 23:24:47,284 - avl_tree.AVLTree - INFO - Rotated right at node 6.
2024-10-10 23:24:47,284 - avl_tree.AVLTree - INFO - Left child node 5 of node 6 is created.
2024-10-10 23:24:47,284 - avl_tree.AVLTree - INFO - Right child node 8 of node 6 is created.
2024-10-10 23:24:47,284 - avl_tree.AVLTree - INFO - Left child node 7 of node 8 is created.
2024-10-10 23:24:47,284 - avl_tree.AVLTree - INFO - Node 4 has a balance factor of -2.
2024-10-10 23:24:47,284 - avl_tree.AVLTree - INFO - Node 4 requires left rotation.
2024-10-10 23:24:47,284 - avl_tree.AVLTree - INFO - Rotating...
2024-10-10 23:24:47,284 - avl_tree.AVLTree - INFO - Rotated left at node 4.
2024-10-10 23:24:47,284 - avl_tree.AVLTree - INFO - Right child node 20 of node 8 is created.
2024-10-10 23:24:47,284 - avl_tree.AVLTree - INFO - Left child node 10 of node 20 is created.
2024-10-10 23:24:47,284 - avl_tree.AVLTree - INFO - Right child node 30 of node 20 is created.
